-- The C compiler identification is GNU
-- The CXX compiler identification is GNU
-- Check for working C compiler: /usr/bin/gcc
-- Check for working C compiler: /usr/bin/gcc -- works
-- Detecting C compiler ABI info
-- Detecting C compiler ABI info - done
-- Check for working CXX compiler: /usr/bin/g++
-- Check for working CXX compiler: /usr/bin/g++ -- works
-- Detecting CXX compiler ABI info
-- Detecting CXX compiler ABI info - done
-- libraries will be installed in /lib
-- cmake build type is RelWithDebInfo
-- compiling with g++ -O -ansi -pedantic -Wall -D_GNU_SOURCE  -O2 -g
-- Looking for drand48
-- Looking for drand48 - found
-- checking for headers in Units
-- checking for headers in Utility
-- checking for headers in Vector
-- checking for headers in Evaluator
-- checking for headers in GenericFunctions
-- checking for headers in Geometry
-- checking for headers in Random
-- checking for headers in Matrix
-- checking for headers in RandomObjects
-- checking for headers in Cast
-- checking for headers in RefCount
-- checking for headers in Exceptions
-- Geometry depends on Vector
-- Matrix depends on Random
-- Matrix depends on Vector
-- RandomObjects depends on Random
-- RandomObjects depends on Matrix
-- RandomObjects depends on Vector
-- Exceptions depends on Cast
-- Exceptions depends on RefCount
-- clhep CPACK_PACKAGE_NAME:    clhep 
-- clhep CPACK_PACKAGE_VERSION: 2.2.0.4 
-- clhep CPACK_SYSTEM_NAME:     x86_64-ubuntu124-gcc46-opt
-- Configuring done
-- Generating done
-- Build files have been written to: /home/travis/build/brichards64/tmp/build/CLHEP/build
Scanning dependencies of target testIsSame
Scanning dependencies of target testIsConvertible
Scanning dependencies of target testPrimaryTraits
Scanning dependencies of target testCategories
Scanning dependencies of target testNoncopyable
Scanning dependencies of target testUnits
[  2%] [  2%] [  2%] [  2%] [  2%] [  2%] Building CXX object Utility/test/CMakeFiles/testIsSame.dir/testIsSame.cc.o
Building CXX object Utility/test/CMakeFiles/testPrimaryTraits.dir/testPrimaryTraits.cc.o
Building CXX object Utility/test/CMakeFiles/testCategories.dir/testCategories.cc.o
Building CXX object Utility/test/CMakeFiles/testIsConvertible.dir/testIsConvertible.cc.o
Building CXX object Units/test/CMakeFiles/testUnits.dir/testUnits.cc.o
Building CXX object Utility/test/CMakeFiles/testNoncopyable.dir/testNoncopyable.cc.o
Linking CXX executable testNoncopyable
[  2%] Built target testNoncopyable
Linking CXX executable testIsSame
Scanning dependencies of target CLHEPS
Scanning dependencies of target CLHEP
Scanning dependencies of target testSharedPtr
[  2%] Building CXX object Utility/test/CMakeFiles/testSharedPtr.dir/testSharedPtr.cc.o
Linking CXX executable testIsConvertible
[  2%] [  2%] Built target testIsSame
[  2%] Building CXX object CMakeFiles/CLHEPS.dir/Vector/src/AxisAngle.cc.o
[  2%] Building CXX object CMakeFiles/CLHEP.dir/Vector/src/AxisAngle.cc.o
Building CXX object CMakeFiles/CLHEP.dir/Vector/src/Boost.cc.o
Linking CXX executable testPrimaryTraits
[  2%] Built target testIsConvertible
[  2%] Building CXX object CMakeFiles/CLHEP.dir/Vector/src/BoostX.cc.o
[  2%] Built target testPrimaryTraits
[  2%] Building CXX object CMakeFiles/CLHEP.dir/Vector/src/BoostY.cc.o
Linking CXX executable testUnits
[  2%] Building CXX object CMakeFiles/CLHEPS.dir/Vector/src/Boost.cc.o
[  2%] Built target testUnits
Scanning dependencies of target testSharedPtrBasic
Scanning dependencies of target testSharedPtrConvertible
[  2%] Building CXX object Utility/test/CMakeFiles/testSharedPtrBasic.dir/testSharedPtrBasic.cc.o
[  2%] Building CXX object Utility/test/CMakeFiles/testSharedPtrConvertible.dir/testSharedPtrConvertible.cc.o
Linking CXX executable testSharedPtrConvertible
Linking CXX executable testCategories
[  2%] Built target testSharedPtrConvertible
Scanning dependencies of target testWeakPtr
[  2%] Building CXX object Utility/test/CMakeFiles/testWeakPtr.dir/testWeakPtr.cc.o
[  2%] Built target testCategories
Scanning dependencies of target Vector
[  2%] Building CXX object CMakeFiles/CLHEP.dir/Vector/src/BoostZ.cc.o
[  2%] Building CXX object Vector/src/CMakeFiles/Vector.dir/AxisAngle.cc.o
[  2%] Building CXX object Vector/src/CMakeFiles/Vector.dir/Boost.cc.o
[  2%] Building CXX object Vector/src/CMakeFiles/Vector.dir/BoostX.cc.o
Linking CXX executable testSharedPtrBasic
[  2%] [  2%] Built target testSharedPtrBasic
Building CXX object CMakeFiles/CLHEP.dir/Vector/src/EulerAngles.cc.o
[  2%] Building CXX object CMakeFiles/CLHEP.dir/Vector/src/LorentzRotation.cc.o
[  2%] Building CXX object CMakeFiles/CLHEPS.dir/Vector/src/BoostX.cc.o
[  2%] [  2%] [  3%] [  3%] Building CXX object CMakeFiles/CLHEPS.dir/Vector/src/BoostY.cc.o
Building CXX object Vector/src/CMakeFiles/Vector.dir/BoostY.cc.o
Building CXX object CMakeFiles/CLHEPS.dir/Vector/src/BoostZ.cc.o
Building CXX object CMakeFiles/CLHEPS.dir/Vector/src/EulerAngles.cc.o
[  3%] Building CXX object CMakeFiles/CLHEPS.dir/Vector/src/LorentzRotation.cc.o
[  3%] [  4%] Building CXX object CMakeFiles/CLHEP.dir/Vector/src/LorentzRotationC.cc.o
Building CXX object CMakeFiles/CLHEP.dir/Vector/src/LorentzRotationD.cc.o
[  4%] Building CXX object Vector/src/CMakeFiles/Vector.dir/BoostZ.cc.o
[  4%] Building CXX object CMakeFiles/CLHEP.dir/Vector/src/LorentzVector.cc.o
[  4%] Building CXX object CMakeFiles/CLHEP.dir/Vector/src/LorentzVectorB.cc.o
[  4%] Building CXX object Vector/src/CMakeFiles/Vector.dir/EulerAngles.cc.o
[  4%] Building CXX object CMakeFiles/CLHEPS.dir/Vector/src/LorentzRotationC.cc.o
[  4%] Building CXX object CMakeFiles/CLHEPS.dir/Vector/src/LorentzRotationD.cc.o
[  4%] Building CXX object CMakeFiles/CLHEPS.dir/Vector/src/LorentzVector.cc.o
[  4%] Building CXX object CMakeFiles/CLHEPS.dir/Vector/src/LorentzVectorB.cc.o
[  5%] Building CXX object Vector/src/CMakeFiles/Vector.dir/LorentzRotation.cc.o
[  5%] Building CXX object CMakeFiles/CLHEP.dir/Vector/src/LorentzVectorC.cc.o
[  5%] Building CXX object CMakeFiles/CLHEP.dir/Vector/src/LorentzVectorK.cc.o
[  5%] Building CXX object CMakeFiles/CLHEP.dir/Vector/src/LorentzVectorL.cc.o
[  5%] Building CXX object CMakeFiles/CLHEPS.dir/Vector/src/LorentzVectorC.cc.o
Scanning dependencies of target VectorS
[  5%] Building CXX object Vector/src/CMakeFiles/VectorS.dir/AxisAngle.cc.o
Linking CXX executable testWeakPtr
[  5%] Building CXX object Vector/src/CMakeFiles/VectorS.dir/Boost.cc.o
[  5%] Built target testWeakPtr
[  6%] Building CXX object CMakeFiles/CLHEPS.dir/Vector/src/LorentzVectorK.cc.o
[  6%] Building CXX object Vector/src/CMakeFiles/Vector.dir/LorentzRotationC.cc.o
[  6%] Building CXX object Vector/src/CMakeFiles/Vector.dir/LorentzRotationD.cc.o
[  6%] Building CXX object Vector/src/CMakeFiles/Vector.dir/LorentzVector.cc.o
[  6%] Building CXX object Vector/src/CMakeFiles/VectorS.dir/BoostX.cc.o
[  6%] Building CXX object CMakeFiles/CLHEP.dir/Vector/src/LorentzVectorR.cc.o
Scanning dependencies of target Evaluator
[  6%] Building CXX object Evaluator/src/CMakeFiles/Evaluator.dir/Evaluator.cc.o
[  6%] Building CXX object Evaluator/src/CMakeFiles/Evaluator.dir/setStdMath.cc.o
[  7%] [  7%] Building CXX object CMakeFiles/CLHEP.dir/Vector/src/Rotation.cc.o
Building CXX object CMakeFiles/CLHEP.dir/Vector/src/RotationA.cc.o
[  7%] Building CXX object CMakeFiles/CLHEPS.dir/Vector/src/LorentzVectorL.cc.o
[  8%] Building CXX object Vector/src/CMakeFiles/VectorS.dir/BoostY.cc.o
[  8%] Building CXX object Vector/src/CMakeFiles/VectorS.dir/BoostZ.cc.o
[  8%] Building CXX object Vector/src/CMakeFiles/Vector.dir/LorentzVectorB.cc.o
[  8%] Building CXX object Vector/src/CMakeFiles/Vector.dir/LorentzVectorC.cc.o
[  8%] Building CXX object CMakeFiles/CLHEPS.dir/Vector/src/LorentzVectorR.cc.o
[  8%] Building CXX object CMakeFiles/CLHEP.dir/Vector/src/RotationC.cc.o
Linking CXX executable testSharedPtr
[  8%] [  8%] Built target testSharedPtr
Building CXX object CMakeFiles/CLHEP.dir/Vector/src/RotationE.cc.o
[  8%] Building CXX object CMakeFiles/CLHEP.dir/Vector/src/RotationIO.cc.o
Scanning dependencies of target EvaluatorS
[  8%] Building CXX object Evaluator/src/CMakeFiles/EvaluatorS.dir/Evaluator.cc.o
[  8%] Building CXX object Vector/src/CMakeFiles/VectorS.dir/EulerAngles.cc.o
[  8%] Building CXX object CMakeFiles/CLHEPS.dir/Vector/src/Rotation.cc.o
[  8%] Building CXX object Vector/src/CMakeFiles/Vector.dir/LorentzVectorK.cc.o
[  8%] [  8%] Building CXX object Vector/src/CMakeFiles/VectorS.dir/LorentzRotation.cc.o
Building CXX object Evaluator/src/CMakeFiles/Evaluator.dir/setSystemOfUnits.cc.o
[  8%] Building CXX object Vector/src/CMakeFiles/Vector.dir/LorentzVectorL.cc.o
[  9%] Building CXX object Vector/src/CMakeFiles/Vector.dir/LorentzVectorR.cc.o
Linking CXX shared library ../../lib/libCLHEP-Evaluator-2.2.0.4.so
[  9%] Built target Evaluator
[  9%] Building CXX object Vector/src/CMakeFiles/Vector.dir/Rotation.cc.o
[  9%] Building CXX object CMakeFiles/CLHEP.dir/Vector/src/RotationInterfaces.cc.o
[  9%] Building CXX object CMakeFiles/CLHEPS.dir/Vector/src/RotationA.cc.o
[  9%] Building CXX object CMakeFiles/CLHEPS.dir/Vector/src/RotationC.cc.o
[  9%] Building CXX object CMakeFiles/CLHEPS.dir/Vector/src/RotationE.cc.o
[  9%] [  9%] Building CXX object CMakeFiles/CLHEPS.dir/Vector/src/RotationIO.cc.o
Building CXX object CMakeFiles/CLHEP.dir/Vector/src/RotationL.cc.o
[  9%] Building CXX object CMakeFiles/CLHEP.dir/Vector/src/RotationP.cc.o
[  9%] Building CXX object Vector/src/CMakeFiles/VectorS.dir/LorentzRotationC.cc.o
[  9%] Building CXX object Evaluator/src/CMakeFiles/EvaluatorS.dir/setStdMath.cc.o
[  9%] Building CXX object Vector/src/CMakeFiles/Vector.dir/RotationA.cc.o
[  9%] Building CXX object Evaluator/src/CMakeFiles/EvaluatorS.dir/setSystemOfUnits.cc.o
[ 10%] [ 10%] Building CXX object CMakeFiles/CLHEPS.dir/Vector/src/RotationInterfaces.cc.o
Building CXX object CMakeFiles/CLHEPS.dir/Vector/src/RotationL.cc.o
[ 10%] Building CXX object CMakeFiles/CLHEP.dir/Vector/src/RotationX.cc.o
[ 10%] Building CXX object Vector/src/CMakeFiles/VectorS.dir/LorentzRotationD.cc.o
Linking CXX static library ../../lib/libCLHEP-Evaluator-2.2.0.4.a
[ 10%] Built target EvaluatorS
[ 10%] Scanning dependencies of target GenericFunctions
Building CXX object Vector/src/CMakeFiles/VectorS.dir/LorentzVector.cc.o
[ 10%] Building CXX object GenericFunctions/src/CMakeFiles/GenericFunctions.dir/Abs.cc.o
[ 10%] Building CXX object Vector/src/CMakeFiles/Vector.dir/RotationC.cc.o
[ 10%] Building CXX object GenericFunctions/src/CMakeFiles/GenericFunctions.dir/AbsFunctional.cc.o
[ 10%] Building CXX object CMakeFiles/CLHEPS.dir/Vector/src/RotationP.cc.o
[ 11%] Building CXX object GenericFunctions/src/CMakeFiles/GenericFunctions.dir/AbsFunction.cc.o
[ 11%] Building CXX object CMakeFiles/CLHEPS.dir/Vector/src/RotationX.cc.o
[ 12%] Building CXX object CMakeFiles/CLHEP.dir/Vector/src/RotationY.cc.o
[ 12%] Building CXX object CMakeFiles/CLHEP.dir/Vector/src/RotationZ.cc.o
[ 12%] [ 12%] Building CXX object CMakeFiles/CLHEP.dir/Vector/src/SpaceVector.cc.o
Building CXX object CMakeFiles/CLHEP.dir/Vector/src/SpaceVectorD.cc.o
[ 12%] Building CXX object Vector/src/CMakeFiles/VectorS.dir/LorentzVectorB.cc.o
[ 12%] Building CXX object GenericFunctions/src/CMakeFiles/GenericFunctions.dir/AbsParameter.cc.o
[ 12%] Building CXX object Vector/src/CMakeFiles/Vector.dir/RotationE.cc.o
[ 12%] Building CXX object GenericFunctions/src/CMakeFiles/GenericFunctions.dir/ACos.cc.o
[ 12%] [ 12%] Building CXX object Vector/src/CMakeFiles/Vector.dir/RotationIO.cc.o
Building CXX object Vector/src/CMakeFiles/Vector.dir/RotationInterfaces.cc.o
[ 12%] Building CXX object CMakeFiles/CLHEPS.dir/Vector/src/RotationY.cc.o
[ 13%] Building CXX object Vector/src/CMakeFiles/VectorS.dir/LorentzVectorC.cc.o
[ 13%] Building CXX object Vector/src/CMakeFiles/VectorS.dir/LorentzVectorK.cc.o
[ 13%] Building CXX object CMakeFiles/CLHEP.dir/Vector/src/SpaceVectorP.cc.o
[ 13%] Building CXX object GenericFunctions/src/CMakeFiles/GenericFunctions.dir/AdaptiveRKStepper.cc.o
[ 13%] Building CXX object CMakeFiles/CLHEP.dir/Vector/src/SpaceVectorR.cc.o
[ 13%] Building CXX object CMakeFiles/CLHEP.dir/Vector/src/ThreeVector.cc.o
[ 13%] Building CXX object Vector/src/CMakeFiles/Vector.dir/RotationL.cc.o
[ 13%] Building CXX object CMakeFiles/CLHEP.dir/Vector/src/ThreeVectorR.cc.o
[ 13%] Building CXX object CMakeFiles/CLHEPS.dir/Vector/src/RotationZ.cc.o
[ 14%] Building CXX object Vector/src/CMakeFiles/Vector.dir/RotationP.cc.o
[ 14%] Building CXX object Vector/src/CMakeFiles/Vector.dir/RotationX.cc.o
[ 14%] Building CXX object Vector/src/CMakeFiles/Vector.dir/RotationY.cc.o
[ 14%] Building CXX object Vector/src/CMakeFiles/VectorS.dir/LorentzVectorL.cc.o
[ 14%] Building CXX object Vector/src/CMakeFiles/VectorS.dir/LorentzVectorR.cc.o
[ 14%] Building CXX object Vector/src/CMakeFiles/VectorS.dir/Rotation.cc.o
[ 14%] [ 14%] Building CXX object CMakeFiles/CLHEP.dir/Vector/src/TwoVector.cc.o
Building CXX object CMakeFiles/CLHEPS.dir/Vector/src/SpaceVector.cc.o
[ 14%] Building CXX object CMakeFiles/CLHEPS.dir/Vector/src/SpaceVectorD.cc.o
[ 14%] Building CXX object CMakeFiles/CLHEPS.dir/Vector/src/SpaceVectorP.cc.o
[ 15%] Building CXX object CMakeFiles/CLHEPS.dir/Vector/src/SpaceVectorR.cc.o
[ 15%] Building CXX object Vector/src/CMakeFiles/Vector.dir/RotationZ.cc.o
[ 16%] [ 16%] Building CXX object CMakeFiles/CLHEP.dir/Vector/src/ZMinput.cc.o
Building CXX object GenericFunctions/src/CMakeFiles/GenericFunctions.dir/AnalyticConvolution.cc.o
[ 16%] Building CXX object Vector/src/CMakeFiles/VectorS.dir/RotationA.cc.o
[ 16%] Building CXX object Vector/src/CMakeFiles/VectorS.dir/RotationC.cc.o
[ 16%] Building CXX object Vector/src/CMakeFiles/VectorS.dir/RotationE.cc.o
[ 17%] Building CXX object Vector/src/CMakeFiles/VectorS.dir/RotationIO.cc.o
[ 17%] Building CXX object CMakeFiles/CLHEP.dir/Vector/src/ZMxpv.cc.o
[ 17%] Building CXX object CMakeFiles/CLHEPS.dir/Vector/src/ThreeVector.cc.o
[ 17%] Building CXX object Vector/src/CMakeFiles/Vector.dir/SpaceVector.cc.o
[ 17%] Building CXX object Vector/src/CMakeFiles/Vector.dir/SpaceVectorD.cc.o
[ 17%] Building CXX object Vector/src/CMakeFiles/Vector.dir/SpaceVectorP.cc.o
[ 17%] Building CXX object CMakeFiles/CLHEPS.dir/Vector/src/ThreeVectorR.cc.o
[ 17%] Building CXX object Vector/src/CMakeFiles/VectorS.dir/RotationInterfaces.cc.o
[ 17%] Building CXX object Vector/src/CMakeFiles/VectorS.dir/RotationL.cc.o
[ 17%] Building CXX object CMakeFiles/CLHEP.dir/Vector/src/RotationXYZ.cc.o
[ 17%] Building CXX object CMakeFiles/CLHEP.dir/Evaluator/src/Evaluator.cc.o
[ 17%] Building CXX object CMakeFiles/CLHEP.dir/Evaluator/src/setStdMath.cc.o
[ 17%] [ 17%] Building CXX object CMakeFiles/CLHEP.dir/Evaluator/src/setSystemOfUnits.cc.o
Building CXX object CMakeFiles/CLHEP.dir/GenericFunctions/src/Abs.cc.o
[ 17%] [ 17%] Building CXX object Vector/src/CMakeFiles/Vector.dir/SpaceVectorR.cc.o
Building CXX object CMakeFiles/CLHEPS.dir/Vector/src/TwoVector.cc.o
[ 17%] Building CXX object Vector/src/CMakeFiles/Vector.dir/ThreeVector.cc.o
[ 17%] Building CXX object Vector/src/CMakeFiles/VectorS.dir/RotationP.cc.o
[ 17%] Building CXX object Vector/src/CMakeFiles/VectorS.dir/RotationX.cc.o
Scanning dependencies of target GenericFunctionsS
[ 17%] Building CXX object GenericFunctions/src/CMakeFiles/GenericFunctionsS.dir/Abs.cc.o
[ 17%] Building CXX object GenericFunctions/src/CMakeFiles/GenericFunctionsS.dir/AbsFunctional.cc.o
[ 17%] Building CXX object Vector/src/CMakeFiles/VectorS.dir/RotationY.cc.o
[ 17%] [ 17%] Building CXX object CMakeFiles/CLHEPS.dir/Vector/src/ZMinput.cc.o
Building CXX object GenericFunctions/src/CMakeFiles/GenericFunctionsS.dir/AbsFunction.cc.o
[ 17%] [ 17%] Building CXX object Vector/src/CMakeFiles/VectorS.dir/RotationZ.cc.o
Building CXX object GenericFunctions/src/CMakeFiles/GenericFunctionsS.dir/AbsParameter.cc.o
[ 17%] Building CXX object CMakeFiles/CLHEP.dir/GenericFunctions/src/AbsFunctional.cc.o
[ 18%] Building CXX object CMakeFiles/CLHEP.dir/GenericFunctions/src/AbsFunction.cc.o
[ 18%] Building CXX object CMakeFiles/CLHEP.dir/GenericFunctions/src/AbsParameter.cc.o
[ 19%] Building CXX object Vector/src/CMakeFiles/Vector.dir/ThreeVectorR.cc.o
[ 19%] [ 19%] Building CXX object CMakeFiles/CLHEPS.dir/Vector/src/ZMxpv.cc.o
Building CXX object GenericFunctions/src/CMakeFiles/GenericFunctionsS.dir/ACos.cc.o
[ 20%] Building CXX object GenericFunctions/src/CMakeFiles/GenericFunctionsS.dir/AdaptiveRKStepper.cc.o
[ 20%] Building CXX object GenericFunctions/src/CMakeFiles/GenericFunctionsS.dir/AnalyticConvolution.cc.o
[ 20%] Building CXX object CMakeFiles/CLHEP.dir/GenericFunctions/src/ACos.cc.o
[ 20%] Building CXX object Vector/src/CMakeFiles/VectorS.dir/SpaceVector.cc.o
[ 20%] Building CXX object Vector/src/CMakeFiles/Vector.dir/TwoVector.cc.o
[ 20%] Building CXX object Vector/src/CMakeFiles/Vector.dir/ZMinput.cc.o
[ 20%] Building CXX object CMakeFiles/CLHEPS.dir/Vector/src/RotationXYZ.cc.o
[ 20%] Building CXX object CMakeFiles/CLHEPS.dir/Evaluator/src/Evaluator.cc.o
[ 20%] Building CXX object CMakeFiles/CLHEP.dir/GenericFunctions/src/AdaptiveRKStepper.cc.o
[ 20%] Building CXX object CMakeFiles/CLHEP.dir/GenericFunctions/src/AnalyticConvolution.cc.o
[ 20%] Building CXX object Vector/src/CMakeFiles/Vector.dir/ZMxpv.cc.o
[ 20%] Building CXX object Vector/src/CMakeFiles/VectorS.dir/SpaceVectorD.cc.o
[ 20%] Building CXX object GenericFunctions/src/CMakeFiles/GenericFunctions.dir/ArrayFunction.cc.o
[ 20%] [ 20%] Building CXX object GenericFunctions/src/CMakeFiles/GenericFunctions.dir/ASin.cc.o
Building CXX object Vector/src/CMakeFiles/Vector.dir/RotationXYZ.cc.o
Linking CXX shared library ../../lib/libCLHEP-Vector-2.2.0.4.so
[ 20%] Building CXX object GenericFunctions/src/CMakeFiles/GenericFunctions.dir/AssociatedLaguerre.cc.o
[ 21%] Building CXX object Vector/src/CMakeFiles/VectorS.dir/SpaceVectorP.cc.o
[ 21%] Building CXX object GenericFunctions/src/CMakeFiles/GenericFunctionsS.dir/ArrayFunction.cc.o
[ 21%] Built target Vector
[ 21%] Building CXX object Vector/src/CMakeFiles/VectorS.dir/SpaceVectorR.cc.o
[ 21%] Building CXX object Vector/src/CMakeFiles/VectorS.dir/ThreeVector.cc.o
[ 22%] [ 22%] Building CXX object CMakeFiles/CLHEPS.dir/Evaluator/src/setStdMath.cc.o
Building CXX object CMakeFiles/CLHEPS.dir/Evaluator/src/setSystemOfUnits.cc.o
[ 22%] Building CXX object GenericFunctions/src/CMakeFiles/GenericFunctions.dir/ATan.cc.o
[ 22%] Building CXX object GenericFunctions/src/CMakeFiles/GenericFunctionsS.dir/ASin.cc.o
[ 22%] Building CXX object GenericFunctions/src/CMakeFiles/GenericFunctionsS.dir/AssociatedLaguerre.cc.o
[ 22%] Building CXX object CMakeFiles/CLHEPS.dir/GenericFunctions/src/Abs.cc.o
[ 22%] Building CXX object CMakeFiles/CLHEPS.dir/GenericFunctions/src/AbsFunctional.cc.o
[ 22%] [ 22%] Building CXX object CMakeFiles/CLHEP.dir/GenericFunctions/src/ArrayFunction.cc.o
Building CXX object CMakeFiles/CLHEP.dir/GenericFunctions/src/ASin.cc.o
[ 22%] Building CXX object CMakeFiles/CLHEPS.dir/GenericFunctions/src/AbsFunction.cc.o
[ 23%] Building CXX object GenericFunctions/src/CMakeFiles/GenericFunctions.dir/BetaDistribution.cc.o
[ 23%] Building CXX object GenericFunctions/src/CMakeFiles/GenericFunctions.dir/BivariateGaussian.cc.o
[ 23%] Building CXX object GenericFunctions/src/CMakeFiles/GenericFunctionsS.dir/ATan.cc.o
[ 23%] Building CXX object GenericFunctions/src/CMakeFiles/GenericFunctionsS.dir/BetaDistribution.cc.o
[ 23%] [ 23%] Building CXX object GenericFunctions/src/CMakeFiles/GenericFunctionsS.dir/BivariateGaussian.cc.o
Building CXX object CMakeFiles/CLHEP.dir/GenericFunctions/src/AssociatedLaguerre.cc.o
[ 23%] Building CXX object CMakeFiles/CLHEPS.dir/GenericFunctions/src/AbsParameter.cc.o
[ 23%] Building CXX object Vector/src/CMakeFiles/VectorS.dir/ThreeVectorR.cc.o
[ 23%] Building CXX object Vector/src/CMakeFiles/VectorS.dir/TwoVector.cc.o
[ 23%] Building CXX object Vector/src/CMakeFiles/VectorS.dir/ZMinput.cc.o
[ 23%] Building CXX object Vector/src/CMakeFiles/VectorS.dir/ZMxpv.cc.o
[ 23%] Building CXX object GenericFunctions/src/CMakeFiles/GenericFunctions.dir/ClassicalSolver.cc.o
[ 23%] Building CXX object CMakeFiles/CLHEPS.dir/GenericFunctions/src/ACos.cc.o
[ 24%] Building CXX object CMakeFiles/CLHEP.dir/GenericFunctions/src/ATan.cc.o
[ 24%] Building CXX object GenericFunctions/src/CMakeFiles/GenericFunctionsS.dir/ClassicalSolver.cc.o
[ 25%] Building CXX object GenericFunctions/src/CMakeFiles/GenericFunctionsS.dir/ClebschGordanCoefficientSet.cc.o
[ 25%] Building CXX object GenericFunctions/src/CMakeFiles/GenericFunctionsS.dir/ConstMinusFunction.cc.o
[ 25%] Building CXX object GenericFunctions/src/CMakeFiles/GenericFunctionsS.dir/ConstMinusParameter.cc.o
[ 25%] [ 25%] Building CXX object CMakeFiles/CLHEPS.dir/GenericFunctions/src/AdaptiveRKStepper.cc.o
Building CXX object CMakeFiles/CLHEP.dir/GenericFunctions/src/BetaDistribution.cc.o
[ 25%] [ 25%] Building CXX object Vector/src/CMakeFiles/VectorS.dir/RotationXYZ.cc.o
Building CXX object CMakeFiles/CLHEP.dir/GenericFunctions/src/BivariateGaussian.cc.o
[ 25%] Building CXX object GenericFunctions/src/CMakeFiles/GenericFunctions.dir/ClebschGordanCoefficientSet.cc.o
Linking CXX static library ../../lib/libCLHEP-Vector-2.2.0.4.a
[ 25%] Building CXX object GenericFunctions/src/CMakeFiles/GenericFunctions.dir/ConstMinusFunction.cc.o
[ 25%] Built target VectorS
[ 25%] Building CXX object GenericFunctions/src/CMakeFiles/GenericFunctions.dir/ConstMinusParameter.cc.o
[ 25%] Building CXX object GenericFunctions/src/CMakeFiles/GenericFunctions.dir/ConstOverFunction.cc.o
[ 25%] Building CXX object GenericFunctions/src/CMakeFiles/GenericFunctionsS.dir/ConstOverFunction.cc.o
[ 25%] Building CXX object GenericFunctions/src/CMakeFiles/GenericFunctions.dir/ConstOverParameter.cc.o
Scanning dependencies of target Random
[ 25%] [ 25%] Building CXX object Random/src/CMakeFiles/Random.dir/DoubConv.cc.o
Building CXX object Random/src/CMakeFiles/Random.dir/DRand48Engine.cc.o
[ 25%] Building CXX object Random/src/CMakeFiles/Random.dir/DualRand.cc.o
[ 25%] Building CXX object CMakeFiles/CLHEP.dir/GenericFunctions/src/ClassicalSolver.cc.o
[ 25%] Building CXX object CMakeFiles/CLHEP.dir/GenericFunctions/src/ClebschGordanCoefficientSet.cc.o
[ 25%] Building CXX object GenericFunctions/src/CMakeFiles/GenericFunctionsS.dir/ConstOverParameter.cc.o
[ 26%] Building CXX object GenericFunctions/src/CMakeFiles/GenericFunctions.dir/ConstPlusFunction.cc.o
[ 26%] Building CXX object GenericFunctions/src/CMakeFiles/GenericFunctionsS.dir/ConstPlusFunction.cc.o
[ 26%] [ 26%] Building CXX object GenericFunctions/src/CMakeFiles/GenericFunctionsS.dir/ConstPlusParameter.cc.o
Building CXX object GenericFunctions/src/CMakeFiles/GenericFunctionsS.dir/ConstTimesFunction.cc.o
[ 26%] Building CXX object CMakeFiles/CLHEP.dir/GenericFunctions/src/ConstMinusFunction.cc.o
[ 26%] Building CXX object GenericFunctions/src/CMakeFiles/GenericFunctions.dir/ConstPlusParameter.cc.o
[ 26%] [ 26%] Building CXX object GenericFunctions/src/CMakeFiles/GenericFunctions.dir/ConstTimesFunction.cc.o
Building CXX object GenericFunctions/src/CMakeFiles/GenericFunctions.dir/ConstTimesParameter.cc.o
[ 27%] Building CXX object GenericFunctions/src/CMakeFiles/GenericFunctionsS.dir/ConstTimesParameter.cc.o
[ 27%] Building CXX object GenericFunctions/src/CMakeFiles/GenericFunctions.dir/Cos.cc.o
[ 27%] [ 28%] Building CXX object GenericFunctions/src/CMakeFiles/GenericFunctions.dir/CumulativeChiSquare.cc.o
Building CXX object CMakeFiles/CLHEPS.dir/GenericFunctions/src/AnalyticConvolution.cc.o
[ 28%] Building CXX object CMakeFiles/CLHEP.dir/GenericFunctions/src/ConstMinusParameter.cc.o
[ 29%] Building CXX object Random/src/CMakeFiles/Random.dir/EngineFactory.cc.o
[ 29%] Building CXX object Random/src/CMakeFiles/Random.dir/engineIDulong.cc.o
[ 29%] Building CXX object GenericFunctions/src/CMakeFiles/GenericFunctionsS.dir/Cos.cc.o
[ 29%] Building CXX object GenericFunctions/src/CMakeFiles/GenericFunctionsS.dir/CumulativeChiSquare.cc.o
[ 29%] Building CXX object CMakeFiles/CLHEP.dir/GenericFunctions/src/ConstOverFunction.cc.o
[ 30%] Building CXX object CMakeFiles/CLHEP.dir/GenericFunctions/src/ConstOverParameter.cc.o
[ 30%] Building CXX object GenericFunctions/src/CMakeFiles/GenericFunctions.dir/DefiniteIntegral.cc.o
[ 30%] Building CXX object GenericFunctions/src/CMakeFiles/GenericFunctions.dir/EfficiencyFunctional.cc.o
[ 31%] [ 31%] Building CXX object GenericFunctions/src/CMakeFiles/GenericFunctions.dir/EmbeddedRKStepper.cc.o
Building CXX object GenericFunctions/src/CMakeFiles/GenericFunctions.dir/Erf.cc.o
[ 31%] Building CXX object GenericFunctions/src/CMakeFiles/GenericFunctionsS.dir/DefiniteIntegral.cc.o
[ 31%] [ 31%] Building CXX object CMakeFiles/CLHEP.dir/GenericFunctions/src/ConstPlusFunction.cc.o
Building CXX object CMakeFiles/CLHEPS.dir/GenericFunctions/src/ArrayFunction.cc.o
[ 31%] Building CXX object Random/src/CMakeFiles/Random.dir/erfQ.cc.o
[ 31%] [ 31%] [ 31%] Building CXX object Random/src/CMakeFiles/Random.dir/flatToGaussian.cc.o
Building CXX object GenericFunctions/src/CMakeFiles/GenericFunctions.dir/Exp.cc.o
Building CXX object Random/src/CMakeFiles/Random.dir/gammln.cc.o
[ 31%] Building CXX object Random/src/CMakeFiles/Random.dir/Hurd160Engine.cc.o
[ 31%] Building CXX object CMakeFiles/CLHEPS.dir/GenericFunctions/src/ASin.cc.o
[ 31%] [ 31%] Building CXX object CMakeFiles/CLHEP.dir/GenericFunctions/src/ConstPlusParameter.cc.o
Building CXX object CMakeFiles/CLHEP.dir/GenericFunctions/src/ConstTimesFunction.cc.o
[ 31%] Building CXX object GenericFunctions/src/CMakeFiles/GenericFunctionsS.dir/EfficiencyFunctional.cc.o
[ 31%] Building CXX object GenericFunctions/src/CMakeFiles/GenericFunctionsS.dir/EmbeddedRKStepper.cc.o
[ 31%] [ 31%] Building CXX object GenericFunctions/src/CMakeFiles/GenericFunctionsS.dir/Erf.cc.o
Building CXX object GenericFunctions/src/CMakeFiles/GenericFunctionsS.dir/Exp.cc.o
[ 31%] Building CXX object CMakeFiles/CLHEPS.dir/GenericFunctions/src/AssociatedLaguerre.cc.o
[ 31%] Building CXX object GenericFunctions/src/CMakeFiles/GenericFunctions.dir/Exponential.cc.o
[ 31%] Building CXX object CMakeFiles/CLHEP.dir/GenericFunctions/src/ConstTimesParameter.cc.o
[ 31%] Building CXX object CMakeFiles/CLHEP.dir/GenericFunctions/src/Cos.cc.o
[ 31%] Building CXX object CMakeFiles/CLHEP.dir/GenericFunctions/src/CumulativeChiSquare.cc.o
[ 31%] Building CXX object CMakeFiles/CLHEPS.dir/GenericFunctions/src/ATan.cc.o
[ 31%] Building CXX object CMakeFiles/CLHEP.dir/GenericFunctions/src/DefiniteIntegral.cc.o
[ 31%] Building CXX object GenericFunctions/src/CMakeFiles/GenericFunctions.dir/FixedConstant.cc.o
[ 31%] Building CXX object GenericFunctions/src/CMakeFiles/GenericFunctions.dir/FloatingConstant.cc.o
[ 31%] Building CXX object Random/src/CMakeFiles/Random.dir/Hurd288Engine.cc.o
[ 31%] Building CXX object Random/src/CMakeFiles/Random.dir/JamesRandom.cc.o
[ 32%] Building CXX object Random/src/CMakeFiles/Random.dir/MTwistEngine.cc.o
[ 33%] [ 33%] Building CXX object GenericFunctions/src/CMakeFiles/GenericFunctionsS.dir/Exponential.cc.o
Building CXX object CMakeFiles/CLHEPS.dir/GenericFunctions/src/BetaDistribution.cc.o
[ 33%] Building CXX object CMakeFiles/CLHEPS.dir/GenericFunctions/src/BivariateGaussian.cc.o
[ 33%] Building CXX object GenericFunctions/src/CMakeFiles/GenericFunctions.dir/FunctionComposition.cc.o
[ 33%] Building CXX object CMakeFiles/CLHEP.dir/GenericFunctions/src/EfficiencyFunctional.cc.o
[ 34%] [ 34%] Building CXX object GenericFunctions/src/CMakeFiles/GenericFunctionsS.dir/FixedConstant.cc.o
Building CXX object CMakeFiles/CLHEP.dir/GenericFunctions/src/EmbeddedRKStepper.cc.o
[ 34%] Building CXX object GenericFunctions/src/CMakeFiles/GenericFunctions.dir/FunctionConvolution.cc.o
[ 34%] Building CXX object CMakeFiles/CLHEPS.dir/GenericFunctions/src/ClassicalSolver.cc.o
[ 34%] Building CXX object GenericFunctions/src/CMakeFiles/GenericFunctions.dir/FunctionDifference.cc.o
[ 34%] Building CXX object GenericFunctions/src/CMakeFiles/GenericFunctionsS.dir/FloatingConstant.cc.o
[ 34%] Building CXX object GenericFunctions/src/CMakeFiles/GenericFunctionsS.dir/FunctionComposition.cc.o
[ 34%] Building CXX object GenericFunctions/src/CMakeFiles/GenericFunctionsS.dir/FunctionConvolution.cc.o
[ 34%] Building CXX object GenericFunctions/src/CMakeFiles/GenericFunctionsS.dir/FunctionDifference.cc.o
[ 35%] Building CXX object CMakeFiles/CLHEPS.dir/GenericFunctions/src/ClebschGordanCoefficientSet.cc.o
[ 35%] Building CXX object Random/src/CMakeFiles/Random.dir/NonRandomEngine.cc.o
[ 36%] Building CXX object GenericFunctions/src/CMakeFiles/GenericFunctions.dir/FunctionDirectProduct.cc.o
[ 36%] Building CXX object GenericFunctions/src/CMakeFiles/GenericFunctions.dir/FunctionNegation.cc.o
[ 36%] [ 36%] Building CXX object GenericFunctions/src/CMakeFiles/GenericFunctions.dir/FunctionNoop.cc.o
Building CXX object CMakeFiles/CLHEPS.dir/GenericFunctions/src/ConstMinusFunction.cc.o
[ 36%] Building CXX object CMakeFiles/CLHEP.dir/GenericFunctions/src/Erf.cc.o
[ 36%] Building CXX object GenericFunctions/src/CMakeFiles/GenericFunctionsS.dir/FunctionDirectProduct.cc.o
[ 36%] Building CXX object GenericFunctions/src/CMakeFiles/GenericFunctionsS.dir/FunctionNegation.cc.o
[ 36%] Building CXX object CMakeFiles/CLHEPS.dir/GenericFunctions/src/ConstMinusParameter.cc.o
[ 36%] Building CXX object CMakeFiles/CLHEPS.dir/GenericFunctions/src/ConstOverFunction.cc.o
[ 36%] [ 36%] Building CXX object GenericFunctions/src/CMakeFiles/GenericFunctions.dir/FunctionNumDeriv.cc.o
Building CXX object GenericFunctions/src/CMakeFiles/GenericFunctions.dir/FunctionPlusParameter.cc.o
[ 36%] Building CXX object CMakeFiles/CLHEP.dir/GenericFunctions/src/Exp.cc.o
[ 36%] Building CXX object CMakeFiles/CLHEP.dir/GenericFunctions/src/Exponential.cc.o
[ 37%] Building CXX object GenericFunctions/src/CMakeFiles/GenericFunctionsS.dir/FunctionNoop.cc.o
[ 37%] Building CXX object GenericFunctions/src/CMakeFiles/GenericFunctionsS.dir/FunctionNumDeriv.cc.o
[ 37%] Building CXX object Random/src/CMakeFiles/Random.dir/RandBinomial.cc.o
[ 37%] Building CXX object CMakeFiles/CLHEPS.dir/GenericFunctions/src/ConstOverParameter.cc.o
[ 37%] Building CXX object CMakeFiles/CLHEPS.dir/GenericFunctions/src/ConstPlusFunction.cc.o
[ 37%] Building CXX object CMakeFiles/CLHEPS.dir/GenericFunctions/src/ConstPlusParameter.cc.o
[ 37%] Building CXX object GenericFunctions/src/CMakeFiles/GenericFunctions.dir/FunctionProduct.cc.o
[ 37%] Building CXX object GenericFunctions/src/CMakeFiles/GenericFunctions.dir/FunctionQuotient.cc.o
[ 37%] Building CXX object CMakeFiles/CLHEP.dir/GenericFunctions/src/FixedConstant.cc.o
[ 37%] Building CXX object CMakeFiles/CLHEP.dir/GenericFunctions/src/FloatingConstant.cc.o
[ 37%] Building CXX object CMakeFiles/CLHEP.dir/GenericFunctions/src/FunctionComposition.cc.o
[ 37%] [ 37%] Building CXX object CMakeFiles/CLHEPS.dir/GenericFunctions/src/ConstTimesFunction.cc.o
Building CXX object GenericFunctions/src/CMakeFiles/GenericFunctionsS.dir/FunctionPlusParameter.cc.o
[ 37%] Building CXX object GenericFunctions/src/CMakeFiles/GenericFunctionsS.dir/FunctionProduct.cc.o
[ 37%] [ 37%] Building CXX object GenericFunctions/src/CMakeFiles/GenericFunctionsS.dir/FunctionQuotient.cc.o
Building CXX object GenericFunctions/src/CMakeFiles/GenericFunctions.dir/FunctionSum.cc.o
[ 38%] Building CXX object GenericFunctions/src/CMakeFiles/GenericFunctions.dir/FunctionTimesParameter.cc.o
[ 38%] Building CXX object CMakeFiles/CLHEP.dir/GenericFunctions/src/FunctionConvolution.cc.o
[ 38%] [ 39%] Building CXX object CMakeFiles/CLHEPS.dir/GenericFunctions/src/ConstTimesParameter.cc.o
Building CXX object CMakeFiles/CLHEPS.dir/GenericFunctions/src/Cos.cc.o
[ 39%] Building CXX object Random/src/CMakeFiles/Random.dir/RandBit.cc.o
[ 39%] Building CXX object Random/src/CMakeFiles/Random.dir/RandBreitWigner.cc.o
[ 39%] [ 39%] Building CXX object Random/src/CMakeFiles/Random.dir/RandChiSquare.cc.o
Building CXX object GenericFunctions/src/CMakeFiles/GenericFunctionsS.dir/FunctionSum.cc.o
[ 39%] Building CXX object GenericFunctions/src/CMakeFiles/GenericFunctionsS.dir/FunctionTimesParameter.cc.o
[ 39%] Building CXX object GenericFunctions/src/CMakeFiles/GenericFunctions.dir/Gamma.cc.o
[ 40%] [ 40%] Building CXX object CMakeFiles/CLHEPS.dir/GenericFunctions/src/CumulativeChiSquare.cc.o
Building CXX object CMakeFiles/CLHEP.dir/GenericFunctions/src/FunctionDifference.cc.o
[ 40%] Building CXX object CMakeFiles/CLHEPS.dir/GenericFunctions/src/DefiniteIntegral.cc.o
[ 40%] Building CXX object CMakeFiles/CLHEPS.dir/GenericFunctions/src/EfficiencyFunctional.cc.o
[ 40%] Building CXX object GenericFunctions/src/CMakeFiles/GenericFunctionsS.dir/Gamma.cc.o
[ 40%] Building CXX object GenericFunctions/src/CMakeFiles/GenericFunctions.dir/GammaDistribution.cc.o
[ 40%] Building CXX object GenericFunctions/src/CMakeFiles/GenericFunctions.dir/Gaussian.cc.o
[ 40%] Building CXX object CMakeFiles/CLHEP.dir/GenericFunctions/src/FunctionDirectProduct.cc.o
[ 40%] Building CXX object CMakeFiles/CLHEP.dir/GenericFunctions/src/FunctionNegation.cc.o
[ 40%] Building CXX object Random/src/CMakeFiles/Random.dir/RandEngine.cc.o
[ 40%] Building CXX object GenericFunctions/src/CMakeFiles/GenericFunctionsS.dir/GammaDistribution.cc.o
[ 41%] Building CXX object GenericFunctions/src/CMakeFiles/GenericFunctionsS.dir/Gaussian.cc.o
[ 41%] [ 41%] Building CXX object GenericFunctions/src/CMakeFiles/GenericFunctions.dir/IncompleteGamma.cc.o
Building CXX object CMakeFiles/CLHEPS.dir/GenericFunctions/src/EmbeddedRKStepper.cc.o
[ 41%] Building CXX object CMakeFiles/CLHEP.dir/GenericFunctions/src/FunctionNoop.cc.o
[ 41%] Building CXX object GenericFunctions/src/CMakeFiles/GenericFunctions.dir/InterpolatingPolynomial.cc.o
[ 41%] Building CXX object GenericFunctions/src/CMakeFiles/GenericFunctions.dir/KroneckerDelta.cc.o
[ 41%] Building CXX object GenericFunctions/src/CMakeFiles/GenericFunctions.dir/Landau.cc.o
[ 41%] Building CXX object GenericFunctions/src/CMakeFiles/GenericFunctionsS.dir/IncompleteGamma.cc.o
[ 41%] Building CXX object GenericFunctions/src/CMakeFiles/GenericFunctionsS.dir/InterpolatingPolynomial.cc.o
[ 41%] Building CXX object CMakeFiles/CLHEP.dir/GenericFunctions/src/FunctionNumDeriv.cc.o
[ 41%] Building CXX object CMakeFiles/CLHEP.dir/GenericFunctions/src/FunctionPlusParameter.cc.o
[ 41%] Building CXX object CMakeFiles/CLHEP.dir/GenericFunctions/src/FunctionProduct.cc.o
[ 42%] Building CXX object GenericFunctions/src/CMakeFiles/GenericFunctions.dir/LikelihoodFunctional.cc.o
[ 42%] Building CXX object Random/src/CMakeFiles/Random.dir/RandExponential.cc.o
[ 42%] Building CXX object CMakeFiles/CLHEPS.dir/GenericFunctions/src/Erf.cc.o
[ 42%] Building CXX object CMakeFiles/CLHEPS.dir/GenericFunctions/src/Exp.cc.o
[ 42%] Building CXX object GenericFunctions/src/CMakeFiles/GenericFunctionsS.dir/KroneckerDelta.cc.o
[ 42%] Building CXX object GenericFunctions/src/CMakeFiles/GenericFunctionsS.dir/Landau.cc.o
[ 42%] Building CXX object CMakeFiles/CLHEP.dir/GenericFunctions/src/FunctionQuotient.cc.o
[ 42%] Building CXX object Random/src/CMakeFiles/Random.dir/RandExpZiggurat.cc.o
[ 43%] [ 43%] Building CXX object CMakeFiles/CLHEPS.dir/GenericFunctions/src/Exponential.cc.o
Building CXX object Random/src/CMakeFiles/Random.dir/RandFlat.cc.o
[ 43%] Building CXX object Random/src/CMakeFiles/Random.dir/RandGamma.cc.o
[ 44%] Building CXX object CMakeFiles/CLHEP.dir/GenericFunctions/src/FunctionSum.cc.o
[ 44%] Building CXX object GenericFunctions/src/CMakeFiles/GenericFunctions.dir/Ln.cc.o
[ 44%] Building CXX object GenericFunctions/src/CMakeFiles/GenericFunctionsS.dir/LikelihoodFunctional.cc.o
[ 44%] Building CXX object GenericFunctions/src/CMakeFiles/GenericFunctionsS.dir/Ln.cc.o
[ 45%] Building CXX object CMakeFiles/CLHEPS.dir/GenericFunctions/src/FixedConstant.cc.o
[ 45%] Building CXX object GenericFunctions/src/CMakeFiles/GenericFunctionsS.dir/LogGamma.cc.o
[ 45%] Building CXX object CMakeFiles/CLHEP.dir/GenericFunctions/src/FunctionTimesParameter.cc.o
[ 45%] Building CXX object GenericFunctions/src/CMakeFiles/GenericFunctions.dir/LogGamma.cc.o
[ 45%] Building CXX object GenericFunctions/src/CMakeFiles/GenericFunctions.dir/LogisticFunction.cc.o
[ 45%] Building CXX object CMakeFiles/CLHEPS.dir/GenericFunctions/src/FloatingConstant.cc.o
[ 45%] Building CXX object CMakeFiles/CLHEPS.dir/GenericFunctions/src/FunctionComposition.cc.o
[ 45%] Building CXX object CMakeFiles/CLHEPS.dir/GenericFunctions/src/FunctionConvolution.cc.o
[ 46%] [ 46%] Building CXX object GenericFunctions/src/CMakeFiles/GenericFunctionsS.dir/LogisticFunction.cc.o
[ 46%] Building CXX object CMakeFiles/CLHEP.dir/GenericFunctions/src/Gamma.cc.o
Building CXX object Random/src/CMakeFiles/Random.dir/RandGauss.cc.o
[ 46%] Building CXX object Random/src/CMakeFiles/Random.dir/RandGaussQ.cc.o
[ 46%] [ 46%] Building CXX object GenericFunctions/src/CMakeFiles/GenericFunctions.dir/Mod.cc.o
Building CXX object GenericFunctions/src/CMakeFiles/GenericFunctions.dir/NonrelativisticBW.cc.o
[ 46%] [ 46%] Building CXX object GenericFunctions/src/CMakeFiles/GenericFunctions.dir/Parameter.cc.o
Building CXX object CMakeFiles/CLHEPS.dir/GenericFunctions/src/FunctionDifference.cc.o
[ 46%] Building CXX object CMakeFiles/CLHEP.dir/GenericFunctions/src/GammaDistribution.cc.o
[ 46%] Building CXX object GenericFunctions/src/CMakeFiles/GenericFunctionsS.dir/Mod.cc.o
[ 46%] Building CXX object GenericFunctions/src/CMakeFiles/GenericFunctionsS.dir/NonrelativisticBW.cc.o
[ 46%] Building CXX object GenericFunctions/src/CMakeFiles/GenericFunctionsS.dir/Parameter.cc.o
[ 46%] [ 46%] Building CXX object GenericFunctions/src/CMakeFiles/GenericFunctionsS.dir/ParameterComposition.cc.o
Building CXX object GenericFunctions/src/CMakeFiles/GenericFunctions.dir/ParameterComposition.cc.o
[ 46%] Building CXX object CMakeFiles/CLHEPS.dir/GenericFunctions/src/FunctionDirectProduct.cc.o
[ 46%] Building CXX object CMakeFiles/CLHEP.dir/GenericFunctions/src/Gaussian.cc.o
[ 46%] Building CXX object CMakeFiles/CLHEP.dir/GenericFunctions/src/IncompleteGamma.cc.o
[ 46%] Building CXX object CMakeFiles/CLHEP.dir/GenericFunctions/src/InterpolatingPolynomial.cc.o
[ 46%] Building CXX object CMakeFiles/CLHEP.dir/GenericFunctions/src/KroneckerDelta.cc.o
[ 46%] [ 47%] Building CXX object GenericFunctions/src/CMakeFiles/GenericFunctionsS.dir/ParameterDifference.cc.o
Building CXX object GenericFunctions/src/CMakeFiles/GenericFunctions.dir/ParameterDifference.cc.o
[ 47%] Building CXX object Random/src/CMakeFiles/Random.dir/RandGaussT.cc.o
[ 47%] Building CXX object CMakeFiles/CLHEPS.dir/GenericFunctions/src/FunctionNegation.cc.o
[ 47%] Building CXX object Random/src/CMakeFiles/Random.dir/RandGaussZiggurat.cc.o
[ 47%] [ 47%] Building CXX object GenericFunctions/src/CMakeFiles/GenericFunctionsS.dir/ParameterNegation.cc.o
Building CXX object GenericFunctions/src/CMakeFiles/GenericFunctions.dir/ParameterNegation.cc.o
[ 47%] Building CXX object GenericFunctions/src/CMakeFiles/GenericFunctions.dir/ParameterProduct.cc.o
[ 47%] Building CXX object GenericFunctions/src/CMakeFiles/GenericFunctions.dir/ParameterQuotient.cc.o
[ 48%] Building CXX object CMakeFiles/CLHEP.dir/GenericFunctions/src/Landau.cc.o
[ 48%] Building CXX object CMakeFiles/CLHEPS.dir/GenericFunctions/src/FunctionNoop.cc.o
[ 49%] [ 49%] Building CXX object CMakeFiles/CLHEPS.dir/GenericFunctions/src/FunctionNumDeriv.cc.o
Building CXX object GenericFunctions/src/CMakeFiles/GenericFunctionsS.dir/ParameterProduct.cc.o
[ 49%] Building CXX object CMakeFiles/CLHEPS.dir/GenericFunctions/src/FunctionPlusParameter.cc.o
[ 49%] [ 49%] Building CXX object CMakeFiles/CLHEPS.dir/GenericFunctions/src/FunctionProduct.cc.o
Building CXX object GenericFunctions/src/CMakeFiles/GenericFunctions.dir/ParameterSum.cc.o
[ 50%] Building CXX object GenericFunctions/src/CMakeFiles/GenericFunctionsS.dir/ParameterQuotient.cc.o
[ 50%] Building CXX object Random/src/CMakeFiles/Random.dir/RandGeneral.cc.o
[ 50%] Building CXX object Random/src/CMakeFiles/Random.dir/RandLandau.cc.o
[ 50%] Building CXX object GenericFunctions/src/CMakeFiles/GenericFunctions.dir/PeriodicRectangular.cc.o
[ 50%] Building CXX object CMakeFiles/CLHEP.dir/GenericFunctions/src/LikelihoodFunctional.cc.o
[ 50%] Building CXX object CMakeFiles/CLHEP.dir/GenericFunctions/src/Ln.cc.o
[ 50%] Building CXX object CMakeFiles/CLHEP.dir/GenericFunctions/src/LogGamma.cc.o
[ 50%] Building CXX object CMakeFiles/CLHEPS.dir/GenericFunctions/src/FunctionQuotient.cc.o
[ 50%] Building CXX object GenericFunctions/src/CMakeFiles/GenericFunctionsS.dir/ParameterSum.cc.o
[ 50%] Building CXX object GenericFunctions/src/CMakeFiles/GenericFunctions.dir/PhaseSpace.cc.o
[ 50%] [ 50%] Building CXX object GenericFunctions/src/CMakeFiles/GenericFunctions.dir/Power.cc.o
Building CXX object GenericFunctions/src/CMakeFiles/GenericFunctionsS.dir/PeriodicRectangular.cc.o
[ 50%] [ 50%] Building CXX object GenericFunctions/src/CMakeFiles/GenericFunctionsS.dir/PhaseSpace.cc.o
Building CXX object GenericFunctions/src/CMakeFiles/GenericFunctionsS.dir/Power.cc.o
[ 50%] Building CXX object CMakeFiles/CLHEPS.dir/GenericFunctions/src/FunctionSum.cc.o
[ 50%] Building CXX object CMakeFiles/CLHEP.dir/GenericFunctions/src/LogisticFunction.cc.o
[ 50%] Building CXX object CMakeFiles/CLHEPS.dir/GenericFunctions/src/FunctionTimesParameter.cc.o
[ 50%] Building CXX object GenericFunctions/src/CMakeFiles/GenericFunctions.dir/PtRelFcn.cc.o
[ 51%] Building CXX object GenericFunctions/src/CMakeFiles/GenericFunctions.dir/PuncturedSmearedExp.cc.o
[ 52%] Building CXX object Random/src/CMakeFiles/Random.dir/Random.cc.o
[ 52%] [ 52%] Building CXX object CMakeFiles/CLHEPS.dir/GenericFunctions/src/Gamma.cc.o
Building CXX object Random/src/CMakeFiles/Random.dir/RandomEngine.cc.o
[ 52%] Building CXX object GenericFunctions/src/CMakeFiles/GenericFunctionsS.dir/PtRelFcn.cc.o
[ 52%] Building CXX object CMakeFiles/CLHEP.dir/GenericFunctions/src/Mod.cc.o
[ 52%] Building CXX object CMakeFiles/CLHEP.dir/GenericFunctions/src/NonrelativisticBW.cc.o
[ 52%] Building CXX object CMakeFiles/CLHEPS.dir/GenericFunctions/src/GammaDistribution.cc.o
[ 53%] Building CXX object CMakeFiles/CLHEPS.dir/GenericFunctions/src/Gaussian.cc.o
[ 53%] Building CXX object CMakeFiles/CLHEPS.dir/GenericFunctions/src/IncompleteGamma.cc.o
[ 53%] Building CXX object GenericFunctions/src/CMakeFiles/GenericFunctionsS.dir/PuncturedSmearedExp.cc.o
[ 53%] Building CXX object GenericFunctions/src/CMakeFiles/GenericFunctionsS.dir/RCBase.cc.o
[ 53%] Building CXX object Random/src/CMakeFiles/Random.dir/RandPoisson.cc.o
[ 54%] Building CXX object GenericFunctions/src/CMakeFiles/GenericFunctionsS.dir/Rectangular.cc.o
[ 54%] Building CXX object CMakeFiles/CLHEP.dir/GenericFunctions/src/Parameter.cc.o
[ 54%] Building CXX object CMakeFiles/CLHEP.dir/GenericFunctions/src/ParameterComposition.cc.o
[ 55%] Building CXX object CMakeFiles/CLHEP.dir/GenericFunctions/src/ParameterDifference.cc.o
[ 55%] Building CXX object CMakeFiles/CLHEPS.dir/GenericFunctions/src/InterpolatingPolynomial.cc.o
[ 55%] Building CXX object GenericFunctions/src/CMakeFiles/GenericFunctions.dir/RCBase.cc.o
[ 55%] Building CXX object GenericFunctions/src/CMakeFiles/GenericFunctions.dir/Rectangular.cc.o
[ 55%] Building CXX object GenericFunctions/src/CMakeFiles/GenericFunctions.dir/RelativisticBW.cc.o
[ 55%] Building CXX object GenericFunctions/src/CMakeFiles/GenericFunctions.dir/ReverseExponential.cc.o
[ 55%] Building CXX object GenericFunctions/src/CMakeFiles/GenericFunctions.dir/RKIntegrator.cc.o
[ 55%] Building CXX object CMakeFiles/CLHEP.dir/GenericFunctions/src/ParameterNegation.cc.o
[ 55%] Building CXX object CMakeFiles/CLHEP.dir/GenericFunctions/src/ParameterProduct.cc.o
[ 55%] Building CXX object CMakeFiles/CLHEPS.dir/GenericFunctions/src/KroneckerDelta.cc.o
[ 55%] [ 55%] Building CXX object CMakeFiles/CLHEPS.dir/GenericFunctions/src/Landau.cc.o
Building CXX object CMakeFiles/CLHEPS.dir/GenericFunctions/src/LikelihoodFunctional.cc.o
[ 55%] [ 55%] Building CXX object GenericFunctions/src/CMakeFiles/GenericFunctionsS.dir/RelativisticBW.cc.o
Building CXX object GenericFunctions/src/CMakeFiles/GenericFunctionsS.dir/ReverseExponential.cc.o
[ 55%] Building CXX object Random/src/CMakeFiles/Random.dir/RandPoissonQ.cc.o
[ 55%] Building CXX object CMakeFiles/CLHEP.dir/GenericFunctions/src/ParameterQuotient.cc.o
[ 55%] Building CXX object CMakeFiles/CLHEP.dir/GenericFunctions/src/ParameterSum.cc.o
[ 55%] [ 55%] Building CXX object CMakeFiles/CLHEP.dir/GenericFunctions/src/PeriodicRectangular.cc.o
Building CXX object GenericFunctions/src/CMakeFiles/GenericFunctionsS.dir/RKIntegrator.cc.o
[ 55%] Building CXX object GenericFunctions/src/CMakeFiles/GenericFunctionsS.dir/RungeKuttaClassicalSolver.cc.o
[ 55%] Building CXX object GenericFunctions/src/CMakeFiles/GenericFunctionsS.dir/Sigma.cc.o
[ 55%] Building CXX object GenericFunctions/src/CMakeFiles/GenericFunctionsS.dir/SimpleRKStepper.cc.o
[ 55%] Building CXX object CMakeFiles/CLHEPS.dir/GenericFunctions/src/Ln.cc.o
[ 55%] Building CXX object GenericFunctions/src/CMakeFiles/GenericFunctions.dir/RungeKuttaClassicalSolver.cc.o
[ 55%] Building CXX object CMakeFiles/CLHEP.dir/GenericFunctions/src/PhaseSpace.cc.o
[ 55%] Building CXX object Random/src/CMakeFiles/Random.dir/RandPoissonT.cc.o
[ 56%] [ 56%] Building CXX object CMakeFiles/CLHEP.dir/GenericFunctions/src/PtRelFcn.cc.o
Building CXX object CMakeFiles/CLHEP.dir/GenericFunctions/src/Power.cc.o
[ 56%] Building CXX object CMakeFiles/CLHEPS.dir/GenericFunctions/src/LogGamma.cc.o
[ 56%] Building CXX object GenericFunctions/src/CMakeFiles/GenericFunctions.dir/Sigma.cc.o
[ 57%] Building CXX object GenericFunctions/src/CMakeFiles/GenericFunctions.dir/SimpleRKStepper.cc.o
[ 57%] Building CXX object GenericFunctions/src/CMakeFiles/GenericFunctions.dir/Sin.cc.o
[ 57%] Building CXX object CMakeFiles/CLHEPS.dir/GenericFunctions/src/LogisticFunction.cc.o
[ 58%] Building CXX object CMakeFiles/CLHEPS.dir/GenericFunctions/src/Mod.cc.o
[ 58%] Building CXX object CMakeFiles/CLHEP.dir/GenericFunctions/src/PuncturedSmearedExp.cc.o
[ 58%] Building CXX object GenericFunctions/src/CMakeFiles/GenericFunctionsS.dir/Sin.cc.o
[ 58%] Building CXX object Random/src/CMakeFiles/Random.dir/RandSkewNormal.cc.o
[ 58%] Building CXX object Random/src/CMakeFiles/Random.dir/RandStudentT.cc.o
[ 59%] [ 59%] Building CXX object Random/src/CMakeFiles/Random.dir/RanecuEngine.cc.o
Building CXX object Random/src/CMakeFiles/Random.dir/Ranlux64Engine.cc.o
[ 59%] [ 59%] Building CXX object CMakeFiles/CLHEPS.dir/GenericFunctions/src/NonrelativisticBW.cc.o
Building CXX object GenericFunctions/src/CMakeFiles/GenericFunctionsS.dir/Sqrt.cc.o
[ 59%] [ 59%] Building CXX object GenericFunctions/src/CMakeFiles/GenericFunctions.dir/Sqrt.cc.o
Building CXX object GenericFunctions/src/CMakeFiles/GenericFunctions.dir/Square.cc.o
[ 60%] Building CXX object GenericFunctions/src/CMakeFiles/GenericFunctionsS.dir/Square.cc.o
[ 60%] Building CXX object CMakeFiles/CLHEPS.dir/GenericFunctions/src/Parameter.cc.o
[ 60%] Building CXX object CMakeFiles/CLHEP.dir/GenericFunctions/src/RCBase.cc.o
[ 60%] Building CXX object CMakeFiles/CLHEP.dir/GenericFunctions/src/Rectangular.cc.o
[ 60%] Building CXX object CMakeFiles/CLHEP.dir/GenericFunctions/src/RelativisticBW.cc.o
[ 60%] Building CXX object CMakeFiles/CLHEP.dir/GenericFunctions/src/ReverseExponential.cc.o
[ 60%] Building CXX object GenericFunctions/src/CMakeFiles/GenericFunctions.dir/StepDoublingRKStepper.cc.o
[ 60%] [ 60%] Building CXX object GenericFunctions/src/CMakeFiles/GenericFunctionsS.dir/StepDoublingRKStepper.cc.o
Building CXX object CMakeFiles/CLHEPS.dir/GenericFunctions/src/ParameterComposition.cc.o
[ 60%] Building CXX object CMakeFiles/CLHEPS.dir/GenericFunctions/src/ParameterDifference.cc.o
[ 60%] Building CXX object CMakeFiles/CLHEPS.dir/GenericFunctions/src/ParameterNegation.cc.o
[ 60%] Building CXX object Random/src/CMakeFiles/Random.dir/RanluxEngine.cc.o
[ 60%] Building CXX object CMakeFiles/CLHEPS.dir/GenericFunctions/src/ParameterProduct.cc.o
[ 60%] [ 60%] Building CXX object CMakeFiles/CLHEP.dir/GenericFunctions/src/RKIntegrator.cc.o
Building CXX object CMakeFiles/CLHEP.dir/GenericFunctions/src/RungeKuttaClassicalSolver.cc.o
[ 61%] Building CXX object CMakeFiles/CLHEP.dir/GenericFunctions/src/Sigma.cc.o
[ 61%] Building CXX object CMakeFiles/CLHEP.dir/GenericFunctions/src/SimpleRKStepper.cc.o
[ 61%] Building CXX object CMakeFiles/CLHEPS.dir/GenericFunctions/src/ParameterQuotient.cc.o
[ 61%] [ 62%] Building CXX object GenericFunctions/src/CMakeFiles/GenericFunctions.dir/Tan.cc.o
Building CXX object CMakeFiles/CLHEPS.dir/GenericFunctions/src/ParameterSum.cc.o
[ 62%] [ 62%] Building CXX object CMakeFiles/CLHEPS.dir/GenericFunctions/src/PeriodicRectangular.cc.o
Building CXX object GenericFunctions/src/CMakeFiles/GenericFunctionsS.dir/Tan.cc.o
[ 62%] Building CXX object GenericFunctions/src/CMakeFiles/GenericFunctionsS.dir/Theta.cc.o
[ 62%] Building CXX object CMakeFiles/CLHEP.dir/GenericFunctions/src/Sin.cc.o
[ 62%] Building CXX object GenericFunctions/src/CMakeFiles/GenericFunctions.dir/Theta.cc.o
[ 62%] Building CXX object GenericFunctions/src/CMakeFiles/GenericFunctions.dir/TrivariateGaussian.cc.o
[ 62%] [ 62%] [ 62%] Building CXX object Random/src/CMakeFiles/Random.dir/RanshiEngine.cc.o
Building CXX object CMakeFiles/CLHEPS.dir/GenericFunctions/src/PhaseSpace.cc.o
Building CXX object GenericFunctions/src/CMakeFiles/GenericFunctionsS.dir/TrivariateGaussian.cc.o
[ 62%] Building CXX object GenericFunctions/src/CMakeFiles/GenericFunctionsS.dir/Variable.cc.o
[ 62%] Building CXX object GenericFunctions/src/CMakeFiles/GenericFunctionsS.dir/VoigtProfile.cc.o
[ 62%] Building CXX object CMakeFiles/CLHEP.dir/GenericFunctions/src/Sqrt.cc.o
[ 62%] Building CXX object CMakeFiles/CLHEP.dir/GenericFunctions/src/Square.cc.o
[ 62%] Building CXX object CMakeFiles/CLHEP.dir/GenericFunctions/src/StepDoublingRKStepper.cc.o
[ 63%] Building CXX object GenericFunctions/src/CMakeFiles/GenericFunctions.dir/Variable.cc.o
[ 63%] Building CXX object CMakeFiles/CLHEPS.dir/GenericFunctions/src/Power.cc.o
[ 63%] Building CXX object CMakeFiles/CLHEPS.dir/GenericFunctions/src/PtRelFcn.cc.o
[ 63%] Building CXX object CMakeFiles/CLHEPS.dir/GenericFunctions/src/PuncturedSmearedExp.cc.o
[ 63%] [ 63%] Building CXX object CMakeFiles/CLHEPS.dir/GenericFunctions/src/RCBase.cc.o
Building CXX object GenericFunctions/src/CMakeFiles/GenericFunctionsS.dir/X.cc.o
[ 63%] Building CXX object CMakeFiles/CLHEP.dir/GenericFunctions/src/Tan.cc.o
[ 63%] [ 63%] Building CXX object CMakeFiles/CLHEP.dir/GenericFunctions/src/Theta.cc.o
Building CXX object GenericFunctions/src/CMakeFiles/GenericFunctions.dir/VoigtProfile.cc.o
[ 63%] Building CXX object Random/src/CMakeFiles/Random.dir/StaticRandomStates.cc.o
[ 63%] Building CXX object Random/src/CMakeFiles/Random.dir/TripleRand.cc.o
Linking CXX static library ../../lib/libCLHEP-GenericFunctions-2.2.0.4.a
[ 63%] Building CXX object CMakeFiles/CLHEPS.dir/GenericFunctions/src/Rectangular.cc.o
[ 63%] Built target GenericFunctionsS
[ 64%] Building CXX object CMakeFiles/CLHEPS.dir/GenericFunctions/src/RelativisticBW.cc.o
[ 64%] Building CXX object CMakeFiles/CLHEPS.dir/GenericFunctions/src/ReverseExponential.cc.o
[ 65%] Building CXX object CMakeFiles/CLHEP.dir/GenericFunctions/src/TrivariateGaussian.cc.o
[ 65%] Building CXX object GenericFunctions/src/CMakeFiles/GenericFunctions.dir/X.cc.o
[ 65%] Building CXX object CMakeFiles/CLHEP.dir/GenericFunctions/src/Variable.cc.o
[ 65%] [ 65%] Building CXX object CMakeFiles/CLHEP.dir/GenericFunctions/src/VoigtProfile.cc.o
Building CXX object CMakeFiles/CLHEP.dir/GenericFunctions/src/X.cc.o
[ 65%] Building CXX object CMakeFiles/CLHEP.dir/Geometry/src/BasicVector3D.cc.o
[ 65%] Building CXX object CMakeFiles/CLHEPS.dir/GenericFunctions/src/RKIntegrator.cc.o
Linking CXX shared library ../../lib/libCLHEP-GenericFunctions-2.2.0.4.so
[ 65%] Building CXX object CMakeFiles/CLHEPS.dir/GenericFunctions/src/RungeKuttaClassicalSolver.cc.o
[ 65%] Building CXX object CMakeFiles/CLHEPS.dir/GenericFunctions/src/Sigma.cc.o
[ 65%] Building CXX object CMakeFiles/CLHEPS.dir/GenericFunctions/src/SimpleRKStepper.cc.o
[ 65%] Built target GenericFunctions
[ 65%] Building CXX object CMakeFiles/CLHEPS.dir/GenericFunctions/src/Sin.cc.o
[ 65%] Building CXX object CMakeFiles/CLHEPS.dir/GenericFunctions/src/Sqrt.cc.o
Linking CXX shared library ../../lib/libCLHEP-Random-2.2.0.4.so
[ 65%] Building CXX object CMakeFiles/CLHEP.dir/Geometry/src/Normal3D.cc.o
[ 65%] Built target Random
[ 65%] Building CXX object CMakeFiles/CLHEP.dir/Geometry/src/Plane3D.cc.o
[ 65%] Building CXX object CMakeFiles/CLHEP.dir/Geometry/src/Point3D.cc.o
Scanning dependencies of target Matrix
Scanning dependencies of target RandomS
[ 65%] Building CXX object Matrix/src/CMakeFiles/Matrix.dir/DiagMatrix.cc.o
[ 65%] Building CXX object Random/src/CMakeFiles/RandomS.dir/DoubConv.cc.o
[ 65%] Building CXX object Matrix/src/CMakeFiles/Matrix.dir/GenMatrix.cc.o
[ 65%] Building CXX object Matrix/src/CMakeFiles/Matrix.dir/Matrix.cc.o
[ 65%] Building CXX object CMakeFiles/CLHEP.dir/Geometry/src/Transform3D.cc.o
[ 66%] Building CXX object CMakeFiles/CLHEPS.dir/GenericFunctions/src/Square.cc.o
[ 66%] Building CXX object Random/src/CMakeFiles/RandomS.dir/DRand48Engine.cc.o
[ 66%] Building CXX object Matrix/src/CMakeFiles/Matrix.dir/MatrixEqRotation.cc.o
[ 67%] Building CXX object CMakeFiles/CLHEP.dir/Geometry/src/Vector3D.cc.o
[ 67%] Building CXX object CMakeFiles/CLHEP.dir/Random/src/DoubConv.cc.o
[ 67%] Building CXX object CMakeFiles/CLHEPS.dir/GenericFunctions/src/StepDoublingRKStepper.cc.o
[ 67%] Building CXX object CMakeFiles/CLHEP.dir/Random/src/DRand48Engine.cc.o
Scanning dependencies of target MatrixS
[ 67%] Building CXX object Matrix/src/CMakeFiles/MatrixS.dir/DiagMatrix.cc.o
[ 67%] Building CXX object Matrix/src/CMakeFiles/MatrixS.dir/GenMatrix.cc.o
[ 67%] Building CXX object Matrix/src/CMakeFiles/MatrixS.dir/Matrix.cc.o
[ 67%] Building CXX object Matrix/src/CMakeFiles/MatrixS.dir/MatrixEqRotation.cc.o
[ 67%] Building CXX object Random/src/CMakeFiles/RandomS.dir/DualRand.cc.o
[ 68%] Building CXX object Matrix/src/CMakeFiles/Matrix.dir/MatrixInvert.cc.o
[ 68%] Building CXX object Matrix/src/CMakeFiles/Matrix.dir/MatrixLinear.cc.o
[ 68%] Building CXX object CMakeFiles/CLHEPS.dir/GenericFunctions/src/Tan.cc.o
[ 68%] Building CXX object CMakeFiles/CLHEPS.dir/GenericFunctions/src/Theta.cc.o
[ 68%] Building CXX object CMakeFiles/CLHEP.dir/Random/src/DualRand.cc.o
[ 68%] Building CXX object CMakeFiles/CLHEP.dir/Random/src/EngineFactory.cc.o
[ 68%] Building CXX object CMakeFiles/CLHEPS.dir/GenericFunctions/src/TrivariateGaussian.cc.o
[ 68%] Building CXX object CMakeFiles/CLHEPS.dir/GenericFunctions/src/Variable.cc.o
[ 69%] Building CXX object Matrix/src/CMakeFiles/MatrixS.dir/MatrixInvert.cc.o
[ 69%] Building CXX object Random/src/CMakeFiles/RandomS.dir/EngineFactory.cc.o
[ 69%] Building CXX object Random/src/CMakeFiles/RandomS.dir/engineIDulong.cc.o
[ 69%] Building CXX object Random/src/CMakeFiles/RandomS.dir/erfQ.cc.o
[ 69%] Building CXX object Matrix/src/CMakeFiles/Matrix.dir/SymMatrix.cc.o
[ 69%] Building CXX object CMakeFiles/CLHEPS.dir/GenericFunctions/src/VoigtProfile.cc.o
[ 69%] Building CXX object CMakeFiles/CLHEPS.dir/GenericFunctions/src/X.cc.o
[ 69%] Building CXX object CMakeFiles/CLHEP.dir/Random/src/engineIDulong.cc.o
[ 69%] Building CXX object CMakeFiles/CLHEP.dir/Random/src/erfQ.cc.o
[ 69%] Building CXX object CMakeFiles/CLHEPS.dir/Geometry/src/BasicVector3D.cc.o
[ 70%] Building CXX object CMakeFiles/CLHEPS.dir/Geometry/src/Normal3D.cc.o
[ 70%] Building CXX object CMakeFiles/CLHEP.dir/Random/src/flatToGaussian.cc.o
[ 70%] Building CXX object Random/src/CMakeFiles/RandomS.dir/flatToGaussian.cc.o
[ 70%] Building CXX object Random/src/CMakeFiles/RandomS.dir/gammln.cc.o
[ 70%] [ 70%] Building CXX object Matrix/src/CMakeFiles/MatrixS.dir/MatrixLinear.cc.o
Building CXX object Matrix/src/CMakeFiles/MatrixS.dir/SymMatrix.cc.o
[ 71%] [ 71%] Building CXX object CMakeFiles/CLHEP.dir/Random/src/gammln.cc.o
Building CXX object CMakeFiles/CLHEP.dir/Random/src/Hurd160Engine.cc.o
[ 72%] Building CXX object Random/src/CMakeFiles/RandomS.dir/Hurd160Engine.cc.o
[ 72%] Building CXX object Random/src/CMakeFiles/RandomS.dir/Hurd288Engine.cc.o
[ 72%] Building CXX object CMakeFiles/CLHEPS.dir/Geometry/src/Plane3D.cc.o
[ 72%] Building CXX object Random/src/CMakeFiles/RandomS.dir/JamesRandom.cc.o
[ 72%] Building CXX object CMakeFiles/CLHEPS.dir/Geometry/src/Point3D.cc.o
[ 72%] Building CXX object Matrix/src/CMakeFiles/MatrixS.dir/SymMatrixInvert.cc.o
[ 72%] Building CXX object Matrix/src/CMakeFiles/MatrixS.dir/Vector.cc.o
[ 72%] [ 72%] Building CXX object CMakeFiles/CLHEP.dir/Random/src/Hurd288Engine.cc.o
Building CXX object CMakeFiles/CLHEP.dir/Random/src/JamesRandom.cc.o
[ 72%] Building CXX object CMakeFiles/CLHEPS.dir/Geometry/src/Transform3D.cc.o
[ 72%] Building CXX object Matrix/src/CMakeFiles/Matrix.dir/SymMatrixInvert.cc.o
[ 72%] Building CXX object Random/src/CMakeFiles/RandomS.dir/MTwistEngine.cc.o
[ 72%] Building CXX object Random/src/CMakeFiles/RandomS.dir/NonRandomEngine.cc.o
[ 72%] Building CXX object CMakeFiles/CLHEPS.dir/Geometry/src/Vector3D.cc.o
[ 72%] Building CXX object CMakeFiles/CLHEPS.dir/Random/src/DoubConv.cc.o
[ 72%] Building CXX object CMakeFiles/CLHEPS.dir/Random/src/DRand48Engine.cc.o
Linking CXX static library ../../lib/libCLHEP-Matrix-2.2.0.4.a
[ 72%] [ 72%] Built target MatrixS
[ 72%] Building CXX object CMakeFiles/CLHEP.dir/Random/src/MTwistEngine.cc.o
Building CXX object CMakeFiles/CLHEPS.dir/Random/src/DualRand.cc.o
[ 73%] Building CXX object CMakeFiles/CLHEPS.dir/Random/src/EngineFactory.cc.o
[ 73%] [ 73%] Building CXX object Matrix/src/CMakeFiles/Matrix.dir/Vector.cc.o
Building CXX object Random/src/CMakeFiles/RandomS.dir/RandBinomial.cc.o
[ 73%] Building CXX object Random/src/CMakeFiles/RandomS.dir/RandBit.cc.o
[ 73%] Building CXX object Random/src/CMakeFiles/RandomS.dir/RandBreitWigner.cc.o
Scanning dependencies of target Cast
[ 74%] Building CXX object Cast/src/CMakeFiles/Cast.dir/itos.cc.o
Scanning dependencies of target CastS
[ 74%] Building CXX object Cast/src/CMakeFiles/CastS.dir/itos.cc.o
[ 74%] Building CXX object CMakeFiles/CLHEP.dir/Random/src/NonRandomEngine.cc.o
[ 74%] Building CXX object CMakeFiles/CLHEP.dir/Random/src/RandBinomial.cc.o
[ 74%] Building CXX object CMakeFiles/CLHEP.dir/Random/src/RandBit.cc.o
[ 74%] Linking CXX shared library ../../lib/libCLHEP-Cast-2.2.0.4.so
Building CXX object CMakeFiles/CLHEPS.dir/Random/src/engineIDulong.cc.o
Linking CXX static library ../../lib/libCLHEP-Cast-2.2.0.4.a
[ 74%] Built target CastS
[ 74%] Building CXX object CMakeFiles/CLHEPS.dir/Random/src/erfQ.cc.o
[ 74%] Built target Cast
[ 74%] Building CXX object CMakeFiles/CLHEPS.dir/Random/src/flatToGaussian.cc.o
Linking CXX shared library ../../lib/libCLHEP-Matrix-2.2.0.4.so
Scanning dependencies of target RefCount
[ 75%] Building CXX object RefCount/src/CMakeFiles/RefCount.dir/ZMuseCount.cc.o
Linking CXX shared library ../../lib/libCLHEP-RefCount-2.2.0.4.so
[ 75%] Built target Matrix
[ 76%] Building CXX object Random/src/CMakeFiles/RandomS.dir/RandChiSquare.cc.o
[ 77%] Building CXX object CMakeFiles/CLHEP.dir/Random/src/RandBreitWigner.cc.o
[ 77%] Built target RefCount
[ 77%] Building CXX object CMakeFiles/CLHEP.dir/Random/src/RandChiSquare.cc.o
Scanning dependencies of target RefCountS
[ 77%] Building CXX object RefCount/src/CMakeFiles/RefCountS.dir/ZMuseCount.cc.o
[ 77%] Building CXX object CMakeFiles/CLHEP.dir/Random/src/RandEngine.cc.o
Linking CXX static library ../../lib/libCLHEP-RefCount-2.2.0.4.a
[ 77%] Built target RefCountS
[ 77%] Building CXX object CMakeFiles/CLHEP.dir/Random/src/RandExponential.cc.o
[ 77%] Building CXX object CMakeFiles/CLHEPS.dir/Random/src/gammln.cc.o
[ 77%] Building CXX object CMakeFiles/CLHEPS.dir/Random/src/Hurd160Engine.cc.o
[ 77%] Building CXX object CMakeFiles/CLHEPS.dir/Random/src/Hurd288Engine.cc.o
[ 77%] Building CXX object CMakeFiles/CLHEPS.dir/Random/src/JamesRandom.cc.o
[ 77%] Building CXX object Random/src/CMakeFiles/RandomS.dir/RandEngine.cc.o
[ 77%] Building CXX object Random/src/CMakeFiles/RandomS.dir/RandExponential.cc.o
[ 77%] Building CXX object CMakeFiles/CLHEP.dir/Random/src/RandExpZiggurat.cc.o
[ 77%] Building CXX object CMakeFiles/CLHEP.dir/Random/src/RandFlat.cc.o
[ 77%] Building CXX object Random/src/CMakeFiles/RandomS.dir/RandExpZiggurat.cc.o
[ 77%] Building CXX object Random/src/CMakeFiles/RandomS.dir/RandFlat.cc.o
[ 77%] Building CXX object CMakeFiles/CLHEP.dir/Random/src/RandGamma.cc.o
[ 78%] Building CXX object CMakeFiles/CLHEPS.dir/Random/src/MTwistEngine.cc.o
[ 78%] Building CXX object CMakeFiles/CLHEP.dir/Random/src/RandGauss.cc.o
[ 79%] Building CXX object CMakeFiles/CLHEP.dir/Random/src/RandGaussQ.cc.o
[ 79%] Building CXX object CMakeFiles/CLHEPS.dir/Random/src/NonRandomEngine.cc.o
[ 79%] Building CXX object CMakeFiles/CLHEPS.dir/Random/src/RandBinomial.cc.o
[ 79%] Building CXX object CMakeFiles/CLHEPS.dir/Random/src/RandBit.cc.o
[ 79%] Building CXX object CMakeFiles/CLHEPS.dir/Random/src/RandBreitWigner.cc.o
[ 79%] Building CXX object CMakeFiles/CLHEPS.dir/Random/src/RandChiSquare.cc.o
[ 79%] Building CXX object Random/src/CMakeFiles/RandomS.dir/RandGamma.cc.o
[ 79%] Building CXX object Random/src/CMakeFiles/RandomS.dir/RandGauss.cc.o
[ 79%] Building CXX object Random/src/CMakeFiles/RandomS.dir/RandGaussQ.cc.o
[ 80%] Building CXX object Random/src/CMakeFiles/RandomS.dir/RandGaussT.cc.o
[ 80%] Building CXX object Random/src/CMakeFiles/RandomS.dir/RandGaussZiggurat.cc.o
[ 80%] Building CXX object CMakeFiles/CLHEP.dir/Random/src/RandGaussT.cc.o
[ 80%] Building CXX object CMakeFiles/CLHEP.dir/Random/src/RandGaussZiggurat.cc.o
[ 80%] Scanning dependencies of target Exceptions
[ 80%] Building CXX object CMakeFiles/CLHEP.dir/Random/src/RandGeneral.cc.o
Building CXX object CMakeFiles/CLHEPS.dir/Random/src/RandEngine.cc.o
[ 81%] Building CXX object Exceptions/src/CMakeFiles/Exceptions.dir/ZMerrno.cc.o
[ 81%] Building CXX object Exceptions/src/CMakeFiles/Exceptions.dir/ZMexClassInfo.cc.o
Scanning dependencies of target ExceptionsS
[ 81%] Building CXX object Exceptions/src/CMakeFiles/ExceptionsS.dir/ZMerrno.cc.o
[ 81%] Building CXX object CMakeFiles/CLHEP.dir/Random/src/RandLandau.cc.o
[ 81%] Building CXX object Random/src/CMakeFiles/RandomS.dir/RandGeneral.cc.o
[ 81%] Building CXX object Random/src/CMakeFiles/RandomS.dir/RandLandau.cc.o
[ 81%] Building CXX object Random/src/CMakeFiles/RandomS.dir/Random.cc.o
[ 81%] Building CXX object Exceptions/src/CMakeFiles/Exceptions.dir/ZMexHandler.cc.o
[ 82%] Building CXX object Exceptions/src/CMakeFiles/ExceptionsS.dir/ZMexClassInfo.cc.o
[ 82%] Building CXX object Exceptions/src/CMakeFiles/Exceptions.dir/ZMexLogger.cc.o
[ 82%] Building CXX object CMakeFiles/CLHEPS.dir/Random/src/RandExponential.cc.o
[ 82%] Building CXX object CMakeFiles/CLHEP.dir/Random/src/Random.cc.o
[ 82%] Building CXX object CMakeFiles/CLHEP.dir/Random/src/RandomEngine.cc.o
[ 82%] Building CXX object Exceptions/src/CMakeFiles/ExceptionsS.dir/ZMexHandler.cc.o
[ 82%] Building CXX object CMakeFiles/CLHEP.dir/Random/src/RandPoisson.cc.o
[ 82%] Building CXX object CMakeFiles/CLHEP.dir/Random/src/RandPoissonQ.cc.o
[ 82%] [ 82%] Building CXX object Random/src/CMakeFiles/RandomS.dir/RandomEngine.cc.o
Building CXX object Exceptions/src/CMakeFiles/Exceptions.dir/ZMexSeverity.cc.o
[ 82%] Building CXX object Exceptions/src/CMakeFiles/Exceptions.dir/ZMexception.cc.o
[ 82%] Building CXX object Exceptions/src/CMakeFiles/ExceptionsS.dir/ZMexLogger.cc.o
[ 83%] Building CXX object CMakeFiles/CLHEPS.dir/Random/src/RandExpZiggurat.cc.o
[ 83%] Building CXX object CMakeFiles/CLHEPS.dir/Random/src/RandFlat.cc.o
[ 83%] Building CXX object Random/src/CMakeFiles/RandomS.dir/RandPoisson.cc.o
[ 84%] Building CXX object CMakeFiles/CLHEP.dir/Random/src/RandPoissonT.cc.o
[ 84%] [ 84%] Building CXX object Random/src/CMakeFiles/RandomS.dir/RandPoissonQ.cc.o
Building CXX object Exceptions/src/CMakeFiles/ExceptionsS.dir/ZMexSeverity.cc.o
[ 84%] Building CXX object CMakeFiles/CLHEP.dir/Random/src/RandSkewNormal.cc.o
[ 84%] Building CXX object Exceptions/src/CMakeFiles/Exceptions.dir/ZMthrow.cc.o
[ 84%] Building CXX object Exceptions/src/CMakeFiles/ExceptionsS.dir/ZMexception.cc.o
[ 84%] Building CXX object Exceptions/src/CMakeFiles/ExceptionsS.dir/ZMthrow.cc.o
[ 85%] Building CXX object Random/src/CMakeFiles/RandomS.dir/RandPoissonT.cc.o
[ 85%] Building CXX object CMakeFiles/CLHEPS.dir/Random/src/RandGamma.cc.o
[ 85%] Building CXX object CMakeFiles/CLHEPS.dir/Random/src/RandGauss.cc.o
Linking CXX shared library ../../lib/libCLHEP-Exceptions-2.2.0.4.so
[ 85%] Built target Exceptions
[ 85%] Building CXX object CMakeFiles/CLHEPS.dir/Random/src/RandGaussQ.cc.o
[ 85%] Building CXX object CMakeFiles/CLHEPS.dir/Random/src/RandGaussT.cc.o
[ 85%] Building CXX object CMakeFiles/CLHEP.dir/Random/src/RandStudentT.cc.o
[ 85%] Building CXX object CMakeFiles/CLHEP.dir/Random/src/RanecuEngine.cc.o
[ 85%] Linking CXX static library ../../lib/libCLHEP-Exceptions-2.2.0.4.a
Building CXX object Random/src/CMakeFiles/RandomS.dir/RandSkewNormal.cc.o
[ 85%] Built target ExceptionsS
[ 85%] Building CXX object Random/src/CMakeFiles/RandomS.dir/RandStudentT.cc.o
[ 85%] Building CXX object Random/src/CMakeFiles/RandomS.dir/RanecuEngine.cc.o
[ 85%] Building CXX object Random/src/CMakeFiles/RandomS.dir/Ranlux64Engine.cc.o
[ 85%] Building CXX object Random/src/CMakeFiles/RandomS.dir/RanluxEngine.cc.o
[ 85%] Building CXX object Random/src/CMakeFiles/RandomS.dir/RanshiEngine.cc.o
[ 85%] Building CXX object CMakeFiles/CLHEPS.dir/Random/src/RandGaussZiggurat.cc.o
[ 85%] Building CXX object CMakeFiles/CLHEP.dir/Random/src/Ranlux64Engine.cc.o
[ 85%] Building CXX object CMakeFiles/CLHEP.dir/Random/src/RanluxEngine.cc.o
[ 85%] Building CXX object CMakeFiles/CLHEP.dir/Random/src/RanshiEngine.cc.o
[ 85%] Building CXX object CMakeFiles/CLHEP.dir/Random/src/StaticRandomStates.cc.o
[ 85%] Building CXX object CMakeFiles/CLHEPS.dir/Random/src/RandGeneral.cc.o
[ 85%] Building CXX object CMakeFiles/CLHEPS.dir/Random/src/RandLandau.cc.o
[ 86%] Building CXX object CMakeFiles/CLHEPS.dir/Random/src/Random.cc.o
[ 86%] Building CXX object Random/src/CMakeFiles/RandomS.dir/StaticRandomStates.cc.o
[ 86%] Building CXX object Random/src/CMakeFiles/RandomS.dir/TripleRand.cc.o
[ 87%] Building CXX object CMakeFiles/CLHEP.dir/Random/src/TripleRand.cc.o
[ 87%] Building CXX object CMakeFiles/CLHEP.dir/Matrix/src/DiagMatrix.cc.o
[ 87%] Building CXX object CMakeFiles/CLHEP.dir/Matrix/src/GenMatrix.cc.o
Scanning dependencies of target testLorentzVector
[ 87%] Building CXX object Vector/test/CMakeFiles/testLorentzVector.dir/testLorentzVector.cc.o
Scanning dependencies of target testRotation
[ 88%] Building CXX object Vector/test/CMakeFiles/testRotation.dir/testRotation.cc.o
Scanning dependencies of target testSubscripts
[ 88%] Building CXX object Vector/test/CMakeFiles/testSubscripts.dir/testSubscripts.cc.o
[ 88%] Building CXX object CMakeFiles/CLHEPS.dir/Random/src/RandomEngine.cc.o
[ 88%] Building CXX object CMakeFiles/CLHEPS.dir/Random/src/RandPoisson.cc.o
Linking CXX executable testSubscripts
Scanning dependencies of target testThreeVector
[ 88%] Built target testSubscripts
[ 88%] Building CXX object Vector/test/CMakeFiles/testThreeVector.dir/testThreeVector.cc.o
Scanning dependencies of target testBug66214
[ 88%] Building CXX object Evaluator/test/CMakeFiles/testBug66214.dir/testBug66214.cc.o
Linking CXX executable testRotation
Linking CXX static library ../../lib/libCLHEP-Random-2.2.0.4.a
[ 88%] Built target testRotation
Scanning dependencies of target testBug90848
[ 88%] Building CXX object Evaluator/test/CMakeFiles/testBug90848.dir/testBug90848.cc.o
[ 88%] Built target RandomS
Scanning dependencies of target testEvaluator
[ 88%] [ 88%] Building CXX object CMakeFiles/CLHEPS.dir/Random/src/RandPoissonQ.cc.o
Building CXX object Evaluator/test/CMakeFiles/testEvaluator.dir/testEvaluator.cc.o
[ 88%] Building CXX object CMakeFiles/CLHEP.dir/Matrix/src/Matrix.cc.o
Linking CXX executable testLorentzVector
[ 88%] Built target testLorentzVector
[ 88%] Building CXX object CMakeFiles/CLHEP.dir/Matrix/src/MatrixEqRotation.cc.o
Linking CXX executable testBug90848
[ 88%] Building CXX object CMakeFiles/CLHEP.dir/Matrix/src/MatrixInvert.cc.o
[ 88%] Built target testBug90848
Linking CXX executable testBug66214
[ 88%] Building CXX object CMakeFiles/CLHEP.dir/Matrix/src/MatrixLinear.cc.o
Linking CXX executable testEvaluator
[ 88%] Built target testBug66214
Scanning dependencies of target testGenericFunctions
[ 88%] Building CXX object GenericFunctions/test/CMakeFiles/testGenericFunctions.dir/testGenericFunctions.cc.o
[ 88%] Built target testEvaluator
[ 88%] Building CXX object CMakeFiles/CLHEPS.dir/Random/src/RandPoissonT.cc.o
[ 88%] Building CXX object CMakeFiles/CLHEP.dir/Matrix/src/SymMatrix.cc.o
Linking CXX executable testGenericFunctions
[ 89%] Building CXX object CMakeFiles/CLHEP.dir/Matrix/src/SymMatrixInvert.cc.o
[ 89%] Built target testGenericFunctions
Scanning dependencies of target Geometry
[ 90%] Building CXX object Geometry/src/CMakeFiles/Geometry.dir/BasicVector3D.cc.o
[ 90%] Building CXX object CMakeFiles/CLHEPS.dir/Random/src/RandSkewNormal.cc.o
Linking CXX executable testThreeVector
[ 90%] Built target testThreeVector
[ 90%] Building CXX object CMakeFiles/CLHEPS.dir/Random/src/RandStudentT.cc.o
[ 90%] Building CXX object CMakeFiles/CLHEPS.dir/Random/src/RanecuEngine.cc.o
[ 91%] Building CXX object CMakeFiles/CLHEPS.dir/Random/src/Ranlux64Engine.cc.o
[ 91%] Building CXX object Geometry/src/CMakeFiles/Geometry.dir/Normal3D.cc.o
[ 91%] [ 91%] Building CXX object Geometry/src/CMakeFiles/Geometry.dir/Plane3D.cc.o
Building CXX object Geometry/src/CMakeFiles/Geometry.dir/Point3D.cc.o
[ 91%] [ 91%] [ 91%] Building CXX object CMakeFiles/CLHEPS.dir/Random/src/RanluxEngine.cc.o
Building CXX object Geometry/src/CMakeFiles/Geometry.dir/Transform3D.cc.o
Building CXX object CMakeFiles/CLHEP.dir/Matrix/src/Vector.cc.o
[ 91%] Building CXX object Geometry/src/CMakeFiles/Geometry.dir/Vector3D.cc.o
Scanning dependencies of target GeometryS
[ 91%] Building CXX object Geometry/src/CMakeFiles/GeometryS.dir/BasicVector3D.cc.o
Scanning dependencies of target testAnonymousEngineRestore
[ 91%] Building CXX object Random/test/CMakeFiles/testAnonymousEngineRestore.dir/testAnonymousEngineRestore.cc.o
Scanning dependencies of target testBug58950
[ 92%] Building CXX object Random/test/CMakeFiles/testBug58950.dir/testBug58950.cc.o
Scanning dependencies of target testBug73093
[ 92%] Building CXX object Random/test/CMakeFiles/testBug73093.dir/testBug73093.cc.o
Linking CXX shared library ../../lib/libCLHEP-Geometry-2.2.0.4.so
[ 92%] Built target Geometry
[ 92%] Building CXX object CMakeFiles/CLHEPS.dir/Random/src/RanshiEngine.cc.o
[ 92%] Building CXX object Geometry/src/CMakeFiles/GeometryS.dir/Normal3D.cc.o
[ 92%] Building CXX object CMakeFiles/CLHEP.dir/RandomObjects/src/RandMultiGauss.cc.o
[ 92%] [ 92%] Building CXX object CMakeFiles/CLHEPS.dir/Random/src/StaticRandomStates.cc.o
Building CXX object CMakeFiles/CLHEP.dir/RandomObjects/src/RandomVector.cc.o
Linking CXX executable testBug73093
[ 92%] Built target testBug73093
[ 92%] Building CXX object CMakeFiles/CLHEP.dir/Cast/src/itos.cc.o
[ 93%] Building CXX object Geometry/src/CMakeFiles/GeometryS.dir/Plane3D.cc.o
[ 93%] Building CXX object Geometry/src/CMakeFiles/GeometryS.dir/Point3D.cc.o
Linking CXX executable testBug58950
[ 93%] Building CXX object Geometry/src/CMakeFiles/GeometryS.dir/Transform3D.cc.o
[ 93%] [ 93%] Building CXX object CMakeFiles/CLHEP.dir/RefCount/src/ZMuseCount.cc.o
[ 93%] Built target testBug58950
Building CXX object Geometry/src/CMakeFiles/GeometryS.dir/Vector3D.cc.o
[ 93%] Building CXX object CMakeFiles/CLHEP.dir/Exceptions/src/ZMerrno.cc.o
[ 93%] [ 93%] Building CXX object CMakeFiles/CLHEPS.dir/Random/src/TripleRand.cc.o
Building CXX object CMakeFiles/CLHEPS.dir/Matrix/src/DiagMatrix.cc.o
[ 93%] Building CXX object CMakeFiles/CLHEPS.dir/Matrix/src/GenMatrix.cc.o
[ 93%] Building CXX object CMakeFiles/CLHEPS.dir/Matrix/src/Matrix.cc.o
[ 94%] Building CXX object CMakeFiles/CLHEPS.dir/Matrix/src/MatrixEqRotation.cc.o
[ 94%] Building CXX object CMakeFiles/CLHEPS.dir/Matrix/src/MatrixInvert.cc.o
[ 94%] Building CXX object CMakeFiles/CLHEP.dir/Exceptions/src/ZMexClassInfo.cc.o
Linking CXX static library ../../lib/libCLHEP-Geometry-2.2.0.4.a
[ 94%] Built target GeometryS
Scanning dependencies of target testDistCopy
[ 94%] Building CXX object Random/test/CMakeFiles/testDistCopy.dir/testDistCopy.cc.o
Scanning dependencies of target testEngineCopy
[ 94%] Building CXX object Random/test/CMakeFiles/testEngineCopy.dir/testEngineCopy.cc.o
[ 95%] Building CXX object CMakeFiles/CLHEP.dir/Exceptions/src/ZMexHandler.cc.o
[ 95%] Building CXX object CMakeFiles/CLHEP.dir/Exceptions/src/ZMexLogger.cc.o
[ 95%] Building CXX object CMakeFiles/CLHEP.dir/Exceptions/src/ZMexSeverity.cc.o
[ 95%] Building CXX object CMakeFiles/CLHEP.dir/Exceptions/src/ZMexception.cc.o
[ 95%] [ 95%] Building CXX object CMakeFiles/CLHEPS.dir/Matrix/src/MatrixLinear.cc.o
Building CXX object CMakeFiles/CLHEP.dir/Exceptions/src/ZMthrow.cc.o
[ 95%] Building CXX object CMakeFiles/CLHEPS.dir/Matrix/src/SymMatrix.cc.o
[ 95%] [ 95%] Building CXX object CMakeFiles/CLHEPS.dir/Matrix/src/SymMatrixInvert.cc.o
Building CXX object CMakeFiles/CLHEPS.dir/Matrix/src/Vector.cc.o
Linking CXX shared library lib/libCLHEP-2.2.0.4.so
Linking CXX executable testAnonymousEngineRestore
Scanning dependencies of target testInstanceRestore
[ 95%] [ 95%] Built target testAnonymousEngineRestore
Building CXX object Random/test/CMakeFiles/testInstanceRestore.dir/testInstanceRestore.cc.o
Scanning dependencies of target testRandDists
[ 95%] Building CXX object Random/test/CMakeFiles/testRandDists.dir/testRandDists.cc.o
[ 95%] Built target CLHEP
Scanning dependencies of target testRandom
[ 95%] Building CXX object Random/test/CMakeFiles/testRandom.dir/testRandom.cc.o
[ 95%] Building CXX object CMakeFiles/CLHEPS.dir/RandomObjects/src/RandMultiGauss.cc.o
[ 95%] Building CXX object CMakeFiles/CLHEPS.dir/RandomObjects/src/RandomVector.cc.o
Linking CXX executable testEngineCopy
[ 95%] Built target testEngineCopy
Scanning dependencies of target testRanecuSequence
[ 95%] Building CXX object Random/test/CMakeFiles/testRanecuSequence.dir/testRanecuSequence.cc.o
[ 96%] Building CXX object CMakeFiles/CLHEPS.dir/Cast/src/itos.cc.o
[ 96%] Building CXX object CMakeFiles/CLHEPS.dir/RefCount/src/ZMuseCount.cc.o
[ 96%] Building CXX object CMakeFiles/CLHEPS.dir/Exceptions/src/ZMerrno.cc.o
[ 96%] Building CXX object CMakeFiles/CLHEPS.dir/Exceptions/src/ZMexClassInfo.cc.o
[ 96%] Building CXX object CMakeFiles/CLHEPS.dir/Exceptions/src/ZMexHandler.cc.o
Linking CXX executable testRandDists
Linking CXX executable testDistCopy
[ 96%] Built target testRandDists
[ 96%] [ 96%] Building CXX object CMakeFiles/CLHEPS.dir/Exceptions/src/ZMexSeverity.cc.o
Building CXX object CMakeFiles/CLHEPS.dir/Exceptions/src/ZMexLogger.cc.o
[ 96%] Built target testDistCopy
[ 96%] Building CXX object CMakeFiles/CLHEPS.dir/Exceptions/src/ZMexception.cc.o
Scanning dependencies of target testSaveEngineStatus
[ 96%] Building CXX object Random/test/CMakeFiles/testSaveEngineStatus.dir/testSaveEngineStatus.cc.o
Scanning dependencies of target testSaveSharedEngines
[ 96%] Building CXX object Random/test/CMakeFiles/testSaveSharedEngines.dir/testSaveSharedEngines.cc.o
[ 96%] Building CXX object CMakeFiles/CLHEPS.dir/Exceptions/src/ZMthrow.cc.o
Linking CXX executable testRandom
[ 96%] Built target testRandom
Scanning dependencies of target testStaticStreamSave
[ 96%] Building CXX object Random/test/CMakeFiles/testStaticStreamSave.dir/testStaticStreamSave.cc.o
Linking CXX executable testRanecuSequence
[ 96%] Built target testRanecuSequence
Scanning dependencies of target testThreaded
Scanning dependencies of target testVectorSave
[ 97%] Building CXX object Random/test/CMakeFiles/testThreaded.dir/testThreaded.cc.o
[ 97%] Building CXX object Random/test/CMakeFiles/testVectorSave.dir/testVectorSave.cc.o
Scanning dependencies of target testZiggurat
[ 97%] Building CXX object Random/test/CMakeFiles/testZiggurat.dir/testZiggurat.cc.o
Linking CXX static library lib/libCLHEP-2.2.0.4.a
[ 97%] Built target CLHEPS
Linking CXX executable testThreaded
Scanning dependencies of target testBug104262
[ 97%] Building CXX object Matrix/test/CMakeFiles/testBug104262.dir/testBug104262.cc.o
Linking CXX executable testZiggurat
[ 97%] Built target testThreaded
Scanning dependencies of target testBug6176
[ 97%] Building CXX object Matrix/test/CMakeFiles/testBug6176.dir/testBug6176.cc.o
[ 97%] Built target testZiggurat
Scanning dependencies of target testBug6181
[ 97%] Building CXX object Matrix/test/CMakeFiles/testBug6181.dir/testBug6181.cc.o
Linking CXX executable testBug104262
Linking CXX executable testBug6176
[ 97%] Built target testBug104262
Scanning dependencies of target testBug7328
[ 97%] Building CXX object Matrix/test/CMakeFiles/testBug7328.dir/testBug7328.cc.o
[ 97%] Built target testBug6176
Scanning dependencies of target testInversion
[ 97%] Building CXX object Matrix/test/CMakeFiles/testInversion.dir/testInversion.cc.o
Linking CXX executable testBug6181
[ 97%] Built target testBug6181
Scanning dependencies of target testMatrix
[ 97%] Building CXX object Matrix/test/CMakeFiles/testMatrix.dir/testMatrix.cc.o
Linking CXX executable testBug7328
Linking CXX executable testInversion
[ 97%] Built target testBug7328
[ 97%] Built target testInversion
Scanning dependencies of target RandomObjects
Scanning dependencies of target RandomObjectsS
[ 97%] [ 97%] Building CXX object RandomObjects/src/CMakeFiles/RandomObjects.dir/RandMultiGauss.cc.o
Building CXX object RandomObjects/src/CMakeFiles/RandomObjectsS.dir/RandMultiGauss.cc.o
Linking CXX executable testSaveEngineStatus
[ 97%] Building CXX object RandomObjects/src/CMakeFiles/RandomObjects.dir/RandomVector.cc.o
[ 98%] Building CXX object RandomObjects/src/CMakeFiles/RandomObjectsS.dir/RandomVector.cc.o
[ 98%] Built target testSaveEngineStatus
Scanning dependencies of target exctest1
[ 99%] Building CXX object Exceptions/test/CMakeFiles/exctest1.dir/exctest1.cc.o
Linking CXX static library ../../lib/libCLHEP-RandomObjects-2.2.0.4.a
Linking CXX shared library ../../lib/libCLHEP-RandomObjects-2.2.0.4.so
[ 99%] Built target RandomObjectsS
Scanning dependencies of target exctest2
[ 99%] Building CXX object Exceptions/test/CMakeFiles/exctest2.dir/exctest2.cc.o
[ 99%] Built target RandomObjects
Scanning dependencies of target exctest3
[ 99%] Building CXX object Exceptions/test/CMakeFiles/exctest3.dir/exctest3.cc.o
Linking CXX executable testSaveSharedEngines
Linking CXX executable exctest2
Linking CXX executable testMatrix
[ 99%] Built target testSaveSharedEngines
Linking CXX executable exctest1
Scanning dependencies of target exctest4
[ 99%] Building CXX object Exceptions/test/CMakeFiles/exctest4.dir/exctest4.cc.o
[ 99%] Built target exctest2
Linking CXX executable exctest3
Scanning dependencies of target exctestNothrow
[ 99%] Building CXX object Exceptions/test/CMakeFiles/exctestNothrow.dir/exctestNothrow.cc.o
[ 99%] [ 99%] Built target testMatrix
Built target exctest1
Scanning dependencies of target testThrowFrom
Scanning dependencies of target testExceptions
Linking CXX executable testVectorSave
[ 99%] [ 99%] Building CXX object Exceptions/test/CMakeFiles/testThrowFrom.dir/testThrowFrom.cc.o
Building CXX object Exceptions/test/CMakeFiles/testExceptions.dir/testExceptions.cc.o
[ 99%] Built target exctest3
Scanning dependencies of target testzmex
Linking CXX executable testStaticStreamSave
[100%] Building CXX object Exceptions/test/CMakeFiles/testzmex.dir/testzmex.cc.o
[100%] Built target testVectorSave
Scanning dependencies of target testBasicVector3D
[100%] Building CXX object Geometry/test/CMakeFiles/testBasicVector3D.dir/testBasicVector3D.cc.o
[100%] Built target testStaticStreamSave
Scanning dependencies of target testBug6740
[100%] Building CXX object Geometry/test/CMakeFiles/testBug6740.dir/testBug6740.cc.o
Linking CXX executable exctest4
Linking CXX executable testBug6740
[100%] Built target exctest4
Scanning dependencies of target testVectorDists
[100%] [100%] Built target testBug6740
Building CXX object RandomObjects/test/CMakeFiles/testVectorDists.dir/testVectorDists.cc.o
Linking CXX executable testThrowFrom
[100%] Built target testThrowFrom
Linking CXX executable testzmex
[100%] Built target testzmex
Linking CXX executable exctestNothrow
[100%] Built target exctestNothrow
Linking CXX executable testExceptions
[100%] Built target testExceptions
Linking CXX executable testVectorDists
[100%] Built target testVectorDists
Linking CXX executable testBasicVector3D
[100%] Built target testBasicVector3D
Linking CXX executable testInstanceRestore
[100%] Built target testInstanceRestore
[ 23%] Built target CLHEP
[ 46%] Built target CLHEPS
[ 46%] Built target testUnits
[ 47%] Built target testCategories
[ 47%] Built target testIsConvertible
[ 48%] Built target testIsSame
[ 48%] Built target testNoncopyable
[ 48%] Built target testPrimaryTraits
[ 48%] Built target testSharedPtr
[ 48%] Built target testSharedPtrBasic
[ 48%] Built target testSharedPtrConvertible
[ 48%] Built target testWeakPtr
[ 52%] Built target Vector
[ 56%] Built target VectorS
[ 56%] Built target testLorentzVector
[ 57%] Built target testRotation
[ 57%] Built target testSubscripts
[ 57%] Built target testThreeVector
[ 57%] Built target Evaluator
[ 57%] Built target EvaluatorS
[ 57%] Built target testBug66214
[ 57%] Built target testBug90848
[ 57%] Built target testEvaluator
[ 68%] Built target GenericFunctions
[ 78%] Built target GenericFunctionsS
[ 78%] Built target testGenericFunctions
[ 79%] Built target Geometry
[ 80%] Built target GeometryS
[ 80%] Built target testBasicVector3D
[ 80%] Built target testBug6740
[ 85%] Built target Random
[ 89%] Built target RandomS
[ 89%] Built target testAnonymousEngineRestore
[ 90%] Built target testBug58950
[ 90%] Built target testBug73093
[ 90%] Built target testDistCopy
[ 90%] Built target testEngineCopy
[ 90%] Built target testInstanceRestore
[ 90%] Built target testRandDists
[ 90%] Built target testRandom
[ 90%] Built target testRanecuSequence
[ 90%] Built target testSaveEngineStatus
[ 90%] Built target testSaveSharedEngines
[ 90%] Built target testStaticStreamSave
[ 91%] Built target testThreaded
[ 91%] Built target testVectorSave
[ 91%] Built target testZiggurat
[ 92%] Built target Matrix
[ 93%] Built target MatrixS
[ 93%] Built target testBug104262
[ 93%] Built target testBug6176
[ 93%] Built target testBug6181
[ 93%] Built target testBug7328
[ 93%] Built target testInversion
[ 93%] Built target testMatrix
[ 93%] Built target RandomObjects
[ 94%] Built target RandomObjectsS
[ 94%] Built target testVectorDists
[ 95%] Built target Cast
[ 95%] Built target CastS
[ 96%] Built target RefCount
[ 96%] Built target RefCountS
[ 97%] Built target Exceptions
[ 98%] Built target ExceptionsS
[ 99%] Built target exctest1
[ 99%] Built target exctest2
[ 99%] Built target exctest3
[ 99%] Built target exctest4
[ 99%] Built target exctestNothrow
[ 99%] Built target testExceptions
[ 99%] Built target testThrowFrom
[100%] Built target testzmex
Install the project...
-- Install configuration: "RelWithDebInfo"
-- Installing: /bin/clhep-config
CMake Error at cmake_install.cmake:36 (FILE):
  file INSTALL cannot copy file
  "/home/travis/build/brichards64/tmp/build/CLHEP/build/clhep-config" to
  "/bin/clhep-config".


make: *** [install] Error 1
