-- The C compiler identification is GNU 4.8.4
-- The CXX compiler identification is GNU 4.8.4
-- Check for working C compiler: /usr/bin/gcc
-- Check for working C compiler: /usr/bin/gcc -- works
-- Detecting C compiler ABI info
-- Detecting C compiler ABI info - done
-- Detecting C compile features
-- Detecting C compile features - done
-- Check for working CXX compiler: /usr/bin/g++
-- Check for working CXX compiler: /usr/bin/g++ -- works
-- Detecting CXX compiler ABI info
-- Detecting CXX compiler ABI info - done
-- Detecting CXX compile features
-- Detecting CXX compile features - done
-- Looking for a Fortran compiler
-- Looking for a Fortran compiler - NOTFOUND
-- Found GCC. Major version 4, minor version 8
-- Performing Test HAS_CXX11
-- Performing Test HAS_CXX11 - Success
-- Looking for pthread.h
-- Looking for pthread.h - found
-- Looking for pthread_create
-- Looking for pthread_create - not found
-- Looking for pthread_create in pthreads
-- Looking for pthread_create in pthreads - not found
-- Looking for pthread_create in pthread
-- Looking for pthread_create in pthread - found
-- Found Threads: TRUE  
-- Found a 64bit system
-- Found GNU compiler collection
-- Performing Test GLIBCXX_USE_CXX11_ABI
-- Performing Test GLIBCXX_USE_CXX11_ABI - Failed
-- ROOT Platform: linux
-- ROOT Architecture: linuxx8664gcc
-- Build Type: RelWithDebInfo
-- Compiler Flags:  -pipe -m64  -Wshadow -Wall -W -Woverloaded-virtual -fsigned-char -fPIC -pthread -std=c++11 -O2 -g -DNDEBUG
-- Looking for ZLib
-- Found ZLIB: /usr/lib/x86_64-linux-gnu/libz.so (found version "1.2.8") 
-- Looking for Unuran
-- Could NOT find UNURAN (missing:  UNURAN_LIBRARY UNURAN_INCLUDE_DIR) 
-- Unuran not found. Switching on builtin_unuran option
-- Looking for Freetype
-- Found Freetype: /usr/lib/x86_64-linux-gnu/libfreetype.so (found version "2.5.2") 
-- Looking for PCRE
-- Found PCRE: /usr/include  
-- Looking for LZMA
-- Found LZMA includes at /usr/include
-- Found LZMA library at /usr/lib/x86_64-linux-gnu/liblzma.so
-- Looking for X11
-- Looking for XOpenDisplay in /usr/lib/x86_64-linux-gnu/libX11.so;/usr/lib/x86_64-linux-gnu/libXext.so
-- Looking for XOpenDisplay in /usr/lib/x86_64-linux-gnu/libX11.so;/usr/lib/x86_64-linux-gnu/libXext.so - found
-- Looking for gethostbyname
-- Looking for gethostbyname - found
-- Looking for connect
-- Looking for connect - found
-- Looking for remove
-- Looking for remove - found
-- Looking for shmat
-- Looking for shmat - found
-- Looking for IceConnectionNumber in ICE
-- Looking for IceConnectionNumber in ICE - found
-- Found X11: /usr/lib/x86_64-linux-gnu/libX11.so
-- X11_INCLUDE_DIR: /usr/include
-- X11_LIBRARIES: /usr/lib/x86_64-linux-gnu/libSM.so;/usr/lib/x86_64-linux-gnu/libICE.so;/usr/lib/x86_64-linux-gnu/libX11.so;/usr/lib/x86_64-linux-gnu/libXext.so
-- X11_Xpm_INCLUDE_PATH: /usr/include
-- X11_Xpm_LIB: /usr/lib/x86_64-linux-gnu/libXpm.so
-- X11_Xft_INCLUDE_PATH: /usr/include
-- X11_Xft_LIB: /usr/lib/x86_64-linux-gnu/libXft.so
-- X11_Xext_INCLUDE_PATH: 
-- X11_Xext_LIB: /usr/lib/x86_64-linux-gnu/libXext.so
-- Could NOT find GIF (missing:  GIF_LIBRARY GIF_INCLUDE_DIR) 
-- Found TIFF: /usr/lib/x86_64-linux-gnu/libtiff.so (found version "4.0.3") 
-- Found PNG: /usr/lib/x86_64-linux-gnu/libpng.so (found version "1.2.50") 
-- Found JPEG: /usr/lib/x86_64-linux-gnu/libjpeg.so  
-- Building AfterImage library included in ROOT itself
-- Looking for GSL
-- FindGSL: gsl-config not found.
-- GSL not found. Set variable GSL_DIR to point to your GSL installation
--                Alternatively, you can also enable the option 'builtin_gsl' to build the GSL libraries internally'
--                For the time being switching OFF 'mathmore' option
-- Looking for Python
-- Found PythonInterp: /opt/python/2.7.12/bin/python (found version "2.7.12") 
-- Found Python interpreter version 2.7
-- Found PythonLibs: /opt/python/2.7.12/lib/libpython2.7.so (found version "2.7.12") 
-- Looking for OpenGL
-- Found OpenGL: /usr/lib/x86_64-linux-gnu/libGL.so  
-- Looking for gl2ps
-- Could NOT find GL2PS (missing:  GL2PS_LIBRARY GL2PS_INCLUDE_DIR) 
-- gl2ps not found. Switching on builtin_gl2ps option
-- Looking for Graphviz
-- Found GRAPHVIZ: /usr/include  
-- Looking for Bonjour
-- Checking whether Bonjour/Avahi is supported
-- Bonjour not found. Switching off bonjour option
-- Looking for Kerberos 5
-- Found KRB5: /usr/lib/x86_64-linux-gnu/libkrb5.so  
-- Looking for LibXml2
-- Found LibXml2: /usr/lib/x86_64-linux-gnu/libxml2.so (found version "2.9.1") 
-- Looking for OpenSSL
-- Found OpenSSL: /usr/lib/x86_64-linux-gnu/libssl.so (found version "1.0.1f") 
-- Looking for Castor
-- Could NOT find CASTOR (missing:  CASTOR_shift_LIBRARY CASTOR_INCLUDE_DIR) 
-- Castor not found. Switching off castor option
-- Looking for RFIO
-- Could NOT find CASTOR (missing:  CASTOR_shift_LIBRARY CASTOR_INCLUDE_DIR) 
-- Castor or DPM not found. Switching off rfio option
-- Looking for MySQL
-- Found MYSQL: /usr/include/mysql  
-- Looking for Oracle
-- Oracle not found.
-- Oracle: You can specify includes: -DORACLE_PATH_INCLUDES=/usr/include/oracle/10.2.0.3/client
--    currently found includes: 
-- Oracle: You can specify libs: -DORACLE_PATH_LIB=/usr/lib/oracle/10.2.0.3/client/lib
--    currently found libs: ORACLE_LIBRARY_OCCI-NOTFOUND;ORACLE_LIBRARY_CLNTSH-NOTFOUND;ORACLE_LIBRARY_LNNZ-NOTFOUND
-- Oracle not found. Switching off oracle option
-- Looking for ODBC
-- Found ODBC: /usr/include  
-- Looking for PostgreSQL
-- Found PostgreSQL: /usr/include/postgresql  
-- Looking for SQLite
-- Found PkgConfig: /usr/bin/pkg-config (found version "0.26") 
-- Found Sqlite: /usr/include  
-- Looking for Pythia6
-- Pythia6 not found. Switching off pythia6 option
-- Looking for Pythia8
-- Could NOT find Pythia8 (missing:  PYTHIA8_INCLUDE_DIR PYTHIA8_LIBRARY) 
-- Pythia8 not found. Switching off pythia8 option
-- Looking for FFTW3
-- FFTW3 not found. Set [environment] variable FFTW_DIR to point to your FFTW3 installation
--                  Alternatively, you can also enable the option 'builtin_fftw3' to build FFTW3 internally'
--                  For the time being switching OFF 'fftw3' option
-- Looking for CFITSIO
-- Could NOT find CFITSIO (missing:  CFITSIO_INCLUDE_DIR CFITSIO_LIBRARY) 
-- CFITSIO not found. You can enable the option 'builtin_cfitsio' to build the library internally'
--                    For the time being switching off 'fitsio' option
-- Monalisa not found. Set variable MONALISA_DIR to point to your Monalisa installation
-- For the time being switching OFF 'monalisa' option
-- Looking for XROOTD
-- XROOTD not found. Set environment variable XRDSYS to point to your XROOTD installation
--                   Alternatively, you can also enable the option 'builtin_xrootd' to build XROOTD internally
--                   For the time being switching OFF 'xrootd' option
-- Could NOT find GFAL (missing:  GFAL_INCLUDE_DIR SRM_IFCE_INCLUDE_DIR GFAL_LIBRARY) 
-- GFAL library not found. Set variable GFAL_DIR to point to your gfal installation
                      and the variable SRM_IFCE_DIR to the srm_ifce installation
-- For the time being switching OFF 'gfal' option
-- Could NOT find DCAP (missing:  DCAP_INCLUDE_DIR DCAP_LIBRARY) 
-- dCap library not found. Set variable DCAP_DIR to point to your dCache installation
-- For the time being switching OFF 'dcache' option
-- Found LDAP: /usr/include  
-- Could NOT find CHIRP (missing:  CHIRP_INCLUDE_DIR CHIRP_LIBRARY) 
-- chirp library not found. Set variable CHIRP_DIR to point to your chirp installation
-- For the time being switching OFF 'chirp' option
-- Could NOT find HDFS (missing:  HDFS_INCLUDE_DIR HDFS_LIBRARY) 
-- hdfs library not found. Set variable HDFS_DIR to point to your hdfs installation
-- For the time being switching OFF 'hdfs' option
-- Looking for DAVIX
-- Could NOT find DAVIX (missing:  DAVIX_INCLUDE_DIR DAVIX_LIBRARY) 
-- Davix not found. You can enable the option 'builtin_davix' to build the library internally'
--                  For the time being switching off 'davix' option
-- Looking for TBB
-- Could NOT find TBB (missing:  TBB_ROOT_DIR TBB_INCLUDE_DIR TBB_LIBRARY) 
-- TBB not found. Switching on builtin_tbb option
-- Performing Test CXX_HAS_mno_rtm
-- Performing Test CXX_HAS_mno_rtm - Success
-- Looking for BLAS for optional parts of TMVA
-- Looking for sgemm_
-- Looking for sgemm_ - found
-- A library with BLAS API found.
-- >>> Option 'glite' not implemented yet! Signal your urgency to pere.mato@cern.ch
-- >>> Option 'sapdb' not implemented yet! Signal your urgency to pere.mato@cern.ch
-- >>> Option 'srp' not implemented yet! Signal your urgency to pere.mato@cern.ch
-- Enabled support for:  asimage astiff builtin_afterimage builtin_ftgl builtin_gl2ps builtin_glew builtin_llvm builtin_tbb builtin_unuran cling cxx11 exceptions explicitlink fortran genvector gviz imt krb5 ldap memstat mysql odbc opengl pch pgsql python shadowpw shared sqlite ssl thread tmva x11 xft xml
-- The ASM compiler identification is GNU
-- Found assembler: /usr/bin/gcc
-- Target triple: x86_64-unknown-linux-gnu
-- Native target architecture is X86
-- Threads disabled.
-- Doxygen disabled.
-- Sphinx disabled.
-- Go bindings enabled.
-- Could NOT find OCaml (missing:  OCAMLFIND OCAML_VERSION OCAML_STDLIB_PATH) 
-- Could NOT find OCaml (missing:  OCAMLFIND OCAML_VERSION OCAML_STDLIB_PATH) 
-- OCaml bindings disabled.
-- Building with -fPIC
-- Constructing LLVMBuild project information
-- Targeting X86
-- Clang version: 3.9.0
-- Cling version (from VERSION file): ROOT_0.4~dev
-- Cling will look for C++ headers in '/usr/include/c++/4.8:/usr/include/x86_64-linux-gnu/c++/4.8:/usr/include/c++/4.8/backward' at runtime.
-- And if not found, will invoke: 'g++-4.8' for them.
-- Performing Test CXX_HAS_fno_rtti
-- Performing Test CXX_HAS_fno_rtti - Success
-- Performing Test CXX_HAS_Wno_conditional_uninitialized
-- Performing Test CXX_HAS_Wno_conditional_uninitialized - Success
-- Performing Test CXX_HAS_Wno_deprecated_declarations
-- Performing Test CXX_HAS_Wno_deprecated_declarations - Success
-- Performing Test C_HAS_Wno_strict_overflow
-- Performing Test C_HAS_Wno_strict_overflow - Success
-- Performing Test C_HAS_Wno_maybe_uninitialized
-- Performing Test C_HAS_Wno_maybe_uninitialized - Success
-- Performing Test C_HAS_Wno_parentheses_equality
-- Performing Test C_HAS_Wno_parentheses_equality - Success
-- Performing Test CXX_HAS_fno_strict_aliasing
-- Performing Test CXX_HAS_fno_strict_aliasing - Success
-- Performing Test CXX_HAS_Wno_parentheses_equality
-- Performing Test CXX_HAS_Wno_parentheses_equality - Success
-- TMVA: Deactivate PyMVA because numpy is not found
-- Performing Test found_setresuid
-- Performing Test found_setresuid - Success
-- Performing Test found_stdstringview
-- Performing Test found_stdstringview - Failed
-- Performing Test found_stdexpstringview
-- Performing Test found_stdexpstringview - Failed
-- Performing Test found_stdapply
-- Performing Test found_stdapply - Failed
-- Performing Test found_stdinvoke
-- Performing Test found_stdinvoke - Failed
Running /home/travis/build/brichards64/tmp/build/root/build/unix/compiledata.sh
Making include/compiledata.h
-- Configuring done
-- Generating done
-- Build files have been written to: /home/travis/build/brichards64/tmp/build/root/build
