Making dependency for file WCSim.cc ...
Making dependency for file src/WCSimWCTrigger.cc ...
Making dependency for file src/WCSimWCSD.cc ...
Making dependency for file src/WCSimWCPMT.cc ...
Making dependency for file src/WCSimWCHit.cc ...
Making dependency for file src/WCSimWCDigitizerNew.cc ...
Making dependency for file src/WCSimWCDigitizer.cc ...
Making dependency for file src/WCSimWCDigi.cc ...
Making dependency for file src/WCSimWCDAQMessenger.cc ...
Making dependency for file src/WCSimWCAddDarkNoise.cc ...
Making dependency for file src/WCSimVisManager.cc ...
Making dependency for file src/WCSimTuningParameters.cc ...
Making dependency for file src/WCSimTuningMessenger.cc ...
Making dependency for file src/WCSimTrajectory.cc ...
Making dependency for file src/WCSimTrackingAction.cc ...
Making dependency for file src/WCSimTrackInformation.cc ...
Making dependency for file src/WCSimSteppingAction.cc ...
Making dependency for file src/WCSimStackingAction.cc ...
Making dependency for file src/WCSimRunActionMessenger.cc ...
Making dependency for file src/WCSimRunAction.cc ...
Making dependency for file src/WCSimRootGeom.cc ...
Making dependency for file src/WCSimRootEvent.cc ...
Making dependency for file src/WCSimRandomMessenger.cc ...
Making dependency for file src/WCSimPrimaryGeneratorMessenger.cc ...
Making dependency for file src/WCSimPrimaryGeneratorAction.cc ...
Making dependency for file src/WCSimPMTQE.cc ...
Making dependency for file src/WCSimPMTObject.cc ...
Making dependency for file src/WCSimPmtInfo.cc ...
Making dependency for file src/WCSimPhysicsMessenger.cc ...
Making dependency for file src/WCSimPhysicsListFactoryMessenger.cc ...
Making dependency for file src/WCSimPhysicsListFactory.cc ...
Making dependency for file src/WCSimPhysicsList.cc ...
Making dependency for file src/WCSimEventAction.cc ...
Making dependency for file src/WCSimDetectorMessenger.cc ...
Making dependency for file src/WCSimDetectorConstruction.cc ...
Making dependency for file src/WCSimDetectorConfigs.cc ...
Making dependency for file src/WCSimDarkRateMessenger.cc ...
Making dependency for file src/WCSimConstructPMT.cc ...
Making dependency for file src/WCSimConstructMaterials.cc ...
Making dependency for file src/WCSimConstructHyperK.cc ...
Making dependency for file src/WCSimConstructGeometryTables.cc ...
Making dependency for file src/WCSimConstructCylinder.cc ...
rootcint  -f ./src/WCSimRootDict.cc -c -I./include -I/home/travis/build/brichards64/tmp/build/root/include WCSimRootEvent.hh WCSimRootGeom.hh  WCSimPmtInfo.hh WCSimRootLinkDef.hh
